[    0.000000] Linux version 4.15.0-135-generic (buildd@lgw01-amd64-005) (gcc version 7.5.0 (Ubuntu 7.5.0-3ubuntu1~18.04)) #139-Ubuntu SMP Mon Jan 18 17:38:24 UTC 2021 (Ubuntu 4.15.0-135.139-generic 4.15.18)
[    0.000000] Command line: BOOT_IMAGE=/boot/vmlinuz-4.15.0-135-generic root=LABEL=cloudimg-rootfs ro console=tty1 console=ttyS0
[    0.000000] KERNEL supported cpus:
[    0.000000]   Intel GenuineIntel
[    0.000000]   AMD AuthenticAMD
[    0.000000]   Centaur CentaurHauls
[    0.000000] x86/fpu: x87 FPU will use FXSAVE
[    0.000000] e820: BIOS-provided physical RAM map:
[    0.000000] BIOS-e820: [mem 0x0000000000000000-0x000000000009fbff] usable
[    0.000000] BIOS-e820: [mem 0x000000000009fc00-0x000000000009ffff] reserved
[    0.000000] BIOS-e820: [mem 0x00000000000f0000-0x00000000000fffff] reserved
[    0.000000] BIOS-e820: [mem 0x0000000000100000-0x000000003ffeffff] usable
[    0.000000] BIOS-e820: [mem 0x000000003fff0000-0x000000003fffffff] ACPI data
[    0.000000] BIOS-e820: [mem 0x00000000fec00000-0x00000000fec00fff] reserved
[    0.000000] BIOS-e820: [mem 0x00000000fee00000-0x00000000fee00fff] reserved
[    0.000000] BIOS-e820: [mem 0x00000000fffc0000-0x00000000ffffffff] reserved
[    0.000000] NX (Execute Disable) protection: active
[    0.000000] SMBIOS 2.5 present.
[    0.000000] DMI: innotek GmbH VirtualBox/VirtualBox, BIOS VirtualBox 12/01/2006
[    0.000000] Hypervisor detected: KVM
[    0.000000] e820: last_pfn = 0x3fff0 max_arch_pfn = 0x400000000
[    0.000000] MTRR: Disabled
[    0.000000] x86/PAT: MTRRs disabled, skipping PAT initialization too.
[    0.000000] CPU MTRRs all blank - virtualized system.
[    0.000000] x86/PAT: Configuration [0-7]: WB  WT  UC- UC  WB  WT  UC- UC  
[    0.000000] found SMP MP-table at [mem 0x0009fff0-0x0009ffff]
[    0.000000] Scanning 1 areas for low memory corruption
[    0.000000] RAMDISK: [mem 0x35a63000-0x36d28fff]
[    0.000000] ACPI: Early table checksum verification disabled
[    0.000000] ACPI: RSDP 0x00000000000E0000 000024 (v02 VBOX  )
[    0.000000] ACPI: XSDT 0x000000003FFF0030 00003C (v01 VBOX   VBOXXSDT 00000001 ASL  00000061)
[    0.000000] ACPI: FACP 0x000000003FFF00F0 0000F4 (v04 VBOX   VBOXFACP 00000001 ASL  00000061)
[    0.000000] ACPI: DSDT 0x000000003FFF0470 002325 (v02 VBOX   VBOXBIOS 00000002 INTL 20100528)
[    0.000000] ACPI: FACS 0x000000003FFF0200 000040
[    0.000000] ACPI: FACS 0x000000003FFF0200 000040
[    0.000000] ACPI: APIC 0x000000003FFF0240 00005C (v02 VBOX   VBOXAPIC 00000001 ASL  00000061)
[    0.000000] ACPI: SSDT 0x000000003FFF02A0 0001CC (v01 VBOX   VBOXCPUT 00000002 INTL 20100528)
[    0.000000] No NUMA configuration found
[    0.000000] Faking a node at [mem 0x0000000000000000-0x000000003ffeffff]
[    0.000000] NODE_DATA(0) allocated [mem 0x3ffc5000-0x3ffeffff]
[    0.000000] kvm-clock: cpu 0, msr 0:3ff44001, primary cpu clock
[    0.000000] kvm-clock: Using msrs 4b564d01 and 4b564d00
[    0.000000] kvm-clock: using sched offset of 4364055419 cycles
[    0.000000] clocksource: kvm-clock: mask: 0xffffffffffffffff max_cycles: 0x1cd42e4dffb, max_idle_ns: 881590591483 ns
[    0.000000] Zone ranges:
[    0.000000]   DMA      [mem 0x0000000000001000-0x0000000000ffffff]
[    0.000000]   DMA32    [mem 0x0000000001000000-0x000000003ffeffff]
[    0.000000]   Normal   empty
[    0.000000]   Device   empty
[    0.000000] Movable zone start for each node
[    0.000000] Early memory node ranges
[    0.000000]   node   0: [mem 0x0000000000001000-0x000000000009efff]
[    0.000000]   node   0: [mem 0x0000000000100000-0x000000003ffeffff]
[    0.000000] Reserved but unavailable: 98 pages
[    0.000000] Initmem setup node 0 [mem 0x0000000000001000-0x000000003ffeffff]
[    0.000000] ACPI: PM-Timer IO Port: 0x4008
[    0.000000] IOAPIC[0]: apic_id 2, version 32, address 0xfec00000, GSI 0-23
[    0.000000] ACPI: INT_SRC_OVR (bus 0 bus_irq 0 global_irq 2 dfl dfl)
[    0.000000] ACPI: INT_SRC_OVR (bus 0 bus_irq 9 global_irq 9 low level)
[    0.000000] Using ACPI (MADT) for SMP configuration information
[    0.000000] smpboot: Allowing 2 CPUs, 0 hotplug CPUs
[    0.000000] PM: Registered nosave memory: [mem 0x00000000-0x00000fff]
[    0.000000] PM: Registered nosave memory: [mem 0x0009f000-0x0009ffff]
[    0.000000] PM: Registered nosave memory: [mem 0x000a0000-0x000effff]
[    0.000000] PM: Registered nosave memory: [mem 0x000f0000-0x000fffff]
[    0.000000] e820: [mem 0x40000000-0xfebfffff] available for PCI devices
[    0.000000] Booting paravirtualized kernel on KVM
[    0.000000] clocksource: refined-jiffies: mask: 0xffffffff max_cycles: 0xffffffff, max_idle_ns: 7645519600211568 ns
[    0.000000] random: get_random_bytes called from start_kernel+0x99/0x500 with crng_init=0
[    0.000000] setup_percpu: NR_CPUS:8192 nr_cpumask_bits:2 nr_cpu_ids:2 nr_node_ids:1
[    0.000000] percpu: Embedded 45 pages/cpu s147456 r8192 d28672 u1048576
[    0.000000] PV qspinlock hash table entries: 256 (order: 0, 4096 bytes)
[    0.000000] Built 1 zonelists, mobility grouping on.  Total pages: 257913
[    0.000000] Policy zone: DMA32
[    0.000000] Kernel command line: BOOT_IMAGE=/boot/vmlinuz-4.15.0-135-generic root=LABEL=cloudimg-rootfs ro console=tty1 console=ttyS0
[    0.000000] Memory: 983020K/1048120K available (12300K kernel code, 2482K rwdata, 4276K rodata, 2440K init, 2724K bss, 65100K reserved, 0K cma-reserved)
[    0.000000] SLUB: HWalign=64, Order=0-3, MinObjects=0, CPUs=2, Nodes=1
[    0.000000] Kernel/User page tables isolation: enabled
[    0.000000] ftrace: allocating 39422 entries in 154 pages
[    0.004000] Hierarchical RCU implementation.
[    0.004000] 	RCU restricting CPUs from NR_CPUS=8192 to nr_cpu_ids=2.
[    0.004000] 	Tasks RCU enabled.
[    0.004000] RCU: Adjusting geometry for rcu_fanout_leaf=16, nr_cpu_ids=2
[    0.004000] NR_IRQS: 524544, nr_irqs: 440, preallocated irqs: 16
[    0.004000] Console: colour VGA+ 80x25
[    0.004000] console [tty1] enabled
[    0.004000] console [ttyS0] enabled
[    0.004000] ACPI: Core revision 20170831
[    0.004000] ACPI: 2 ACPI AML tables successfully acquired and loaded
[    0.004000] APIC: Switch to symmetric I/O mode setup
[    0.004000] ..TIMER: vector=0x30 apic1=0 pin1=2 apic2=-1 pin2=-1
[    0.004000] tsc: Detected 2712.000 MHz processor
[    0.004000] Calibrating delay loop (skipped) preset value.. 5424.00 BogoMIPS (lpj=10848000)
[    0.004000] pid_max: default: 32768 minimum: 301
[    0.004000] Security Framework initialized
[    0.004000] Yama: becoming mindful.
[    0.004000] AppArmor: AppArmor initialized
[    0.004000] Dentry cache hash table entries: 131072 (order: 8, 1048576 bytes)
[    0.004000] Inode-cache hash table entries: 65536 (order: 7, 524288 bytes)
[    0.004000] Mount-cache hash table entries: 2048 (order: 2, 16384 bytes)
[    0.004000] Mountpoint-cache hash table entries: 2048 (order: 2, 16384 bytes)
[    0.005461] Last level iTLB entries: 4KB 64, 2MB 8, 4MB 8
[    0.008000] Last level dTLB entries: 4KB 64, 2MB 0, 4MB 0, 1GB 4
[    0.008000] Spectre V1 : Mitigation: usercopy/swapgs barriers and __user pointer sanitization
[    0.008000] Spectre V2 : Mitigation: Full generic retpoline
[    0.008000] Spectre V2 : Spectre v2 / SpectreRSB mitigation: Filling RSB on context switch
[    0.008000] Speculative Store Bypass: Vulnerable
[    0.008000] MDS: Mitigation: Clear CPU buffers
[    0.008000] Freeing SMP alternatives memory: 36K
[    0.016000] smpboot: CPU0: Intel(R) Core(TM) i5-7200U CPU @ 2.50GHz (family: 0x6, model: 0x8e, stepping: 0x9)
[    0.016000] Performance Events: unsupported p6 CPU model 142 no PMU driver, software events only.
[    0.016000] Hierarchical SRCU implementation.
[    0.016000] NMI watchdog: Perf event create on CPU 0 failed with -2
[    0.016000] NMI watchdog: Perf NMI watchdog permanently disabled
[    0.016000] smp: Bringing up secondary CPUs ...
[    0.016000] x86: Booting SMP configuration:
[    0.016000] .... node  #0, CPUs:      #1
[    0.004000] kvm-clock: cpu 1, msr 0:3ff44041, secondary cpu clock
[    0.024000] TSC synchronization [CPU#0 -> CPU#1]:
[    0.024000] Measured 82400 cycles TSC warp between CPUs, turning off TSC clock.
[    0.024000] tsc: Marking TSC unstable due to check_tsc_sync_source failed
[    0.028235] smp: Brought up 1 node, 2 CPUs
[    0.032000] smpboot: Max logical packages: 1
[    0.032000] smpboot: Total of 2 processors activated (10848.00 BogoMIPS)
[    0.032870] devtmpfs: initialized
[    0.036000] x86/mm: Memory block size: 128MB
[    0.036000] evm: security.selinux
[    0.036000] evm: security.SMACK64
[    0.036000] evm: security.SMACK64EXEC
[    0.036000] evm: security.SMACK64TRANSMUTE
[    0.036000] evm: security.SMACK64MMAP
[    0.036000] evm: security.apparmor
[    0.036000] evm: security.ima
[    0.036000] evm: security.capability
[    0.036991] clocksource: jiffies: mask: 0xffffffff max_cycles: 0xffffffff, max_idle_ns: 7645041785100000 ns
[    0.040000] futex hash table entries: 512 (order: 3, 32768 bytes)
[    0.040000] pinctrl core: initialized pinctrl subsystem
[    0.040000] RTC time: 17:23:09, date: 02/02/22
[    0.040000] NET: Registered protocol family 16
[    0.040000] audit: initializing netlink subsys (disabled)
[    0.040020] audit: type=2000 audit(1643822594.412:1): state=initialized audit_enabled=0 res=1
[    0.056150] cpuidle: using governor ladder
[    0.060000] cpuidle: using governor menu
[    0.060000] ACPI: bus type PCI registered
[    0.060000] acpiphp: ACPI Hot Plug PCI Controller Driver version: 0.5
[    0.060000] PCI: Using configuration type 1 for base access
[    0.064623] HugeTLB registered 2.00 MiB page size, pre-allocated 0 pages
[    0.072685] ACPI: Added _OSI(Module Device)
[    0.076000] ACPI: Added _OSI(Processor Device)
[    0.076000] ACPI: Added _OSI(3.0 _SCP Extensions)
[    0.076000] ACPI: Added _OSI(Processor Aggregator Device)
[    0.076000] ACPI: Added _OSI(Linux-Dell-Video)
[    0.076000] ACPI: Added _OSI(Linux-Lenovo-NV-HDMI-Audio)
[    0.076000] ACPI: Added _OSI(Linux-HPI-Hybrid-Graphics)
[    0.080948] ACPI: Executed 1 blocks of module-level executable AML code
[    0.090256] ACPI: Interpreter enabled
[    0.092000] ACPI: (supports S0 S5)
[    0.092000] ACPI: Using IOAPIC for interrupt routing
[    0.092447] PCI: Using host bridge windows from ACPI; if necessary, use "pci=nocrs" and report a bug
[    0.096000] ACPI: Enabled 2 GPEs in block 00 to 07
[    0.112106] ACPI: PCI Root Bridge [PCI0] (domain 0000 [bus 00-ff])
[    0.116000] acpi PNP0A03:00: _OSC: OS supports [ASPM ClockPM Segments MSI]
[    0.116884] acpi PNP0A03:00: _OSC: not requesting OS control; OS requires [ExtendedConfig ASPM ClockPM MSI]
[    0.120000] acpi PNP0A03:00: fail to add MMCONFIG information, can't access extended PCI configuration space under this bridge.
[    0.120960] PCI host bridge to bus 0000:00
[    0.124000] pci_bus 0000:00: root bus resource [io  0x0000-0x0cf7 window]
[    0.124000] pci_bus 0000:00: root bus resource [io  0x0d00-0xffff window]
[    0.124000] pci_bus 0000:00: root bus resource [mem 0x000a0000-0x000bffff window]
[    0.124000] pci_bus 0000:00: root bus resource [mem 0x40000000-0xfdffffff window]
[    0.124000] pci_bus 0000:00: root bus resource [bus 00-ff]
[    0.130914] pci 0000:00:01.1: legacy IDE quirk: reg 0x10: [io  0x01f0-0x01f7]
[    0.132000] pci 0000:00:01.1: legacy IDE quirk: reg 0x14: [io  0x03f6]
[    0.132000] pci 0000:00:01.1: legacy IDE quirk: reg 0x18: [io  0x0170-0x0177]
[    0.132000] pci 0000:00:01.1: legacy IDE quirk: reg 0x1c: [io  0x0376]
[    0.155044] pci 0000:00:07.0: quirk: [io  0x4000-0x403f] claimed by PIIX4 ACPI
[    0.156000] pci 0000:00:07.0: quirk: [io  0x4100-0x410f] claimed by PIIX4 SMB
[    0.172851] ACPI: PCI Interrupt Link [LNKA] (IRQs 5 9 10 *11)
[    0.176637] ACPI: PCI Interrupt Link [LNKB] (IRQs 5 9 *10 11)
[    0.180000] ACPI: PCI Interrupt Link [LNKC] (IRQs 5 *9 10 11)
[    0.180000] ACPI: PCI Interrupt Link [LNKD] (IRQs 5 9 10 *11)
[    0.180000] SCSI subsystem initialized
[    0.180353] pci 0000:00:02.0: vgaarb: setting as boot VGA device
[    0.184000] pci 0000:00:02.0: vgaarb: VGA device added: decodes=io+mem,owns=io+mem,locks=none
[    0.184000] pci 0000:00:02.0: vgaarb: bridge control possible
[    0.184000] vgaarb: loaded
[    0.184000] ACPI: bus type USB registered
[    0.184000] usbcore: registered new interface driver usbfs
[    0.184000] usbcore: registered new interface driver hub
[    0.184000] usbcore: registered new device driver usb
[    0.188157] EDAC MC: Ver: 3.0.0
[    0.192446] PCI: Using ACPI for IRQ routing
[    0.196402] NetLabel: Initializing
[    0.200000] NetLabel:  domain hash size = 128
[    0.200000] NetLabel:  protocols = UNLABELED CIPSOv4 CALIPSO
[    0.200000] NetLabel:  unlabeled traffic allowed by default
[    0.200650] clocksource: Switched to clocksource kvm-clock
[    0.204000] VFS: Disk quotas dquot_6.6.0
[    0.204000] VFS: Dquot-cache hash table entries: 512 (order 0, 4096 bytes)
[    0.204000] AppArmor: AppArmor Filesystem Enabled
[    0.204000] pnp: PnP ACPI init
[    0.279598] pnp: PnP ACPI: found 3 devices
[    0.340455] clocksource: acpi_pm: mask: 0xffffff max_cycles: 0xffffff, max_idle_ns: 2085701024 ns
[    0.344386] NET: Registered protocol family 2
[    0.344386] TCP established hash table entries: 8192 (order: 4, 65536 bytes)
[    0.356945] TCP bind hash table entries: 8192 (order: 5, 131072 bytes)
[    0.356945] TCP: Hash tables configured (established 8192 bind 8192)
[    0.356945] UDP hash table entries: 512 (order: 2, 16384 bytes)
[    0.356945] UDP-Lite hash table entries: 512 (order: 2, 16384 bytes)
[    0.356945] NET: Registered protocol family 1
[    0.356945] pci 0000:00:00.0: Limiting direct PCI/PCI transfers
[    0.356945] pci 0000:00:01.0: Activating ISA DMA hang workarounds
[    0.356945] pci 0000:00:02.0: Video device with shadowed ROM at [mem 0x000c0000-0x000dffff]
[    0.356945] Unpacking initramfs...
[    0.356945] Freeing initrd memory: 19224K
[    0.956669] clocksource: tsc: mask: 0xffffffffffffffff max_cycles: 0x2717868ea45, max_idle_ns: 440795316085 ns
[    0.960148] platform rtc_cmos: registered platform RTC device (no PNP device found)
[    0.960148] Scanning for low memory corruption every 60 seconds
[    0.985713] Initialise system trusted keyrings
[    0.988979] Key type blacklist registered
[    0.996048] workingset: timestamp_bits=36 max_order=18 bucket_order=0
[    0.999692] zbud: loaded
[    1.011717] squashfs: version 4.0 (2009/01/31) Phillip Lougher
[    1.019486] fuse init (API version 7.26)
[    1.051423] Key type asymmetric registered
[    1.055411] Asymmetric key parser 'x509' registered
[    1.055411] Block layer SCSI generic (bsg) driver version 0.4 loaded (major 246)
[    1.070438] io scheduler noop registered
[    1.074425] io scheduler deadline registered
[    1.074425] io scheduler cfq registered (default)
[    1.086655] ACPI: AC Adapter [AC] (on-line)
[    1.090299] input: Power Button as /devices/LNXSYSTM:00/LNXPWRBN:00/input/input0
[    1.101068] ACPI: Power Button [PWRF]
[    1.104859] input: Sleep Button as /devices/LNXSYSTM:00/LNXSLPBN:00/input/input1
[    1.104859] ACPI: Sleep Button [SLPF]
[    1.122166] ACPI: Battery Slot [BAT0] (battery present)
[    1.128453] Serial: 8250/16550 driver, 32 ports, IRQ sharing enabled
[    1.164481] 00:02: ttyS0 at I/O 0x3f8 (irq = 4, base_baud = 115200) is a 16550A
[    1.199836] Linux agpgart interface v0.103
[    1.215661] loop: module loaded
[    1.223588] scsi host0: ata_piix
[    1.229477] scsi host1: ata_piix
[    1.233136] ata1: PATA max UDMA/33 cmd 0x1f0 ctl 0x3f6 bmdma 0xd000 irq 14
[    1.233368] ata2: PATA max UDMA/33 cmd 0x170 ctl 0x376 bmdma 0xd008 irq 15
[    1.249293] libphy: Fixed MDIO Bus: probed
[    1.252491] tun: Universal TUN/TAP device driver, 1.6
[    1.260977] PPP generic driver version 2.4.2
[    1.267657] ehci_hcd: USB 2.0 'Enhanced' Host Controller (EHCI) Driver
[    1.271334] ehci-pci: EHCI PCI platform driver
[    1.271334] ehci-platform: EHCI generic platform driver
[    1.271334] ohci_hcd: USB 1.1 'Open' Host Controller (OHCI) Driver
[    1.271334] ohci-pci: OHCI PCI platform driver
[    1.271334] ohci-platform: OHCI generic platform driver
[    1.271334] uhci_hcd: USB Universal Host Controller Interface driver
[    1.271334] i8042: PNP: PS/2 Controller [PNP0303:PS2K,PNP0f03:PS2M] at 0x60,0x64 irq 1,12
[    1.325433] serio: i8042 KBD port at 0x60,0x64 irq 1
[    1.327145] serio: i8042 AUX port at 0x60,0x64 irq 12
[    1.338637] mousedev: PS/2 mouse device common for all mice
[    1.348185] rtc_cmos rtc_cmos: rtc core: registered rtc_cmos as rtc0
[    1.351975] rtc_cmos rtc_cmos: alarms up to one day, 114 bytes nvram
[    1.351975] i2c /dev entries driver
[    1.351975] device-mapper: uevent: version 1.0.3
[    1.373676] device-mapper: ioctl: 4.37.0-ioctl (2017-09-20) initialised: dm-devel@redhat.com
[    1.383521] ledtrig-cpu: registered to indicate activity on CPUs
[    1.392129] NET: Registered protocol family 10
[    1.398182] input: AT Translated Set 2 keyboard as /devices/platform/i8042/serio0/input/input2
[    1.480742] Segment Routing with IPv6
[    1.485082] NET: Registered protocol family 17
[    1.490536] Key type dns_resolver registered
[    1.497622] mce: Using 0 MCE banks
[    1.501579] RAS: Correctable Errors collector initialized.
[    1.501579] sched_clock: Marking stable (1497579430, 0)->(3056030325, -1558450895)
[    1.524044] registered taskstats version 1
[    1.529563] Loading compiled-in X.509 certificates
[    1.541077] Loaded X.509 cert 'Build time autogenerated kernel key: 399a566a2ea98257ce6f7132c633527e9761cd56'
[    1.552156] zswap: loaded using pool lzo/zbud
[    1.567390] Key type big_key registered
[    1.571828] Key type trusted registered
[    1.580486] Key type encrypted registered
[    1.584965] AppArmor: AppArmor sha1 policy hashing enabled
[    1.590916] ima: No TPM chip found, activating TPM-bypass! (rc=-19)
[    1.597751] ima: Allocated hash algorithm: sha1
[    1.602912] evm: HMAC attrs: 0x1
[    1.607512]   Magic number: 10:749:389
[    1.612612] rtc_cmos rtc_cmos: setting system clock to 2022-02-02 17:23:11 UTC (1643822591)
[    1.622171] BIOS EDD facility v0.16 2004-Jun-25, 0 devices found
[    1.628779] EDD information not available.
[    1.637584] Freeing unused kernel image memory: 2440K
[    1.668734] Write protecting the kernel read-only data: 20480k
[    1.677027] Freeing unused kernel image memory: 2008K
[    1.683855] Freeing unused kernel image memory: 1868K
[    1.696853] x86/mm: Checked W+X mappings: passed, no W+X pages found.
[    1.704591] x86/mm: Checking user space page tables
[    1.716460] x86/mm: Checked W+X mappings: passed, no W+X pages found.
Loading, please wait...
starting version 237
[   28.035633] watchdog: BUG: soft lockup - CPU#1 stuck for 23s! [systemd-udevd:152]
[   28.045202] Modules linked in:
[   28.050157] CPU: 1 PID: 152 Comm: systemd-udevd Not tainted 4.15.0-135-generic #139-Ubuntu
[   28.061296] Hardware name: innotek GmbH VirtualBox/VirtualBox, BIOS VirtualBox 12/01/2006
[   28.075414] RIP: 0010:smp_call_function_single+0xdc/0x100
[   28.083268] RSP: 0018:ffffb377c0403920 EFLAGS: 00010202 ORIG_RAX: ffffffffffffff11
[   28.092521] RAX: 0000000000000000 RBX: 0000000000000001 RCX: 0000000000000000
[   28.102092] RDX: 0000000000000001 RSI: 00000000000000fb RDI: 0000000000000286
[   28.110975] RBP: ffffb377c0403970 R08: 0000000000000000 R09: 0000000000000003
[   28.119799] R10: ffffb377c0403998 R11: 0000000000000017 R12: ffffffffb5460420
[   28.128876] R13: 0000000000000001 R14: ffffffffb3e7f530 R15: 0000000000000000
[   28.137627] FS:  00007f1e70181680(0000) GS:ffff9a18bfd00000(0000) knlGS:0000000000000000
[   28.149209] CS:  0010 DS: 0000 ES: 0000 CR0: 0000000080050033
[   28.157472] CR2: 00007f1e7017deeb CR3: 000000003640a004 CR4: 00000000000206e0
[   28.167705] Call Trace:
[   28.171305]  ? load_new_mm_cr3+0xf0/0xf0
[   28.176557]  ? find_next_bit+0xb/0x10
[   28.181602]  smp_call_function_many+0x1cc/0x250
[   28.189312]  ? smp_call_function_many+0x1cc/0x250
[   28.197245]  ? load_new_mm_cr3+0xf0/0xf0
[   28.204434]  on_each_cpu+0x2d/0x60
[   28.209975]  flush_tlb_all+0x1c/0x20
[   28.214591]  __change_page_attr+0x148/0xbe0
[   28.220028]  ? syscall_return_via_sysret+0x16/0x76
[   28.225968]  ? 0xffffffffb3e00000
[   28.230717]  __change_page_attr_set_clr+0x6b/0x2d0
[   28.236635]  ? finish_task_switch+0x40/0x230
[   28.241983]  ? 0xffffffffb3e00000
[   28.247420]  __change_page_attr_set_clr+0x2a2/0x2d0
[   28.256122]  change_page_attr_set_clr+0x158/0x3a0
[   28.262832]  ? kvm_sched_clock_read+0x1e/0x30
[   28.269451]  set_memory_ro+0x29/0x30
[   28.274625]  frob_text.isra.35+0x23/0x30
[   28.279988]  module_enable_ro.part.57+0x35/0x90
[   28.286370]  load_module+0x12c4/0x1f20
[   28.291239]  ? ima_post_read_file+0x96/0xa0
[   28.297665]  SYSC_finit_module+0xfc/0x120
[   28.303018]  ? SYSC_finit_module+0xfc/0x120
[   28.310023]  SyS_finit_module+0xe/0x10
[   28.317347]  do_syscall_64+0x73/0x130
[   28.322605]  entry_SYSCALL_64_after_hwframe+0x41/0xa6
[   28.329098] RIP: 0033:0x7f1e6fc88639
[   28.333877] RSP: 002b:00007fff355b6f48 EFLAGS: 00000246 ORIG_RAX: 0000000000000139
[   28.344018] RAX: ffffffffffffffda RBX: 000055caaaedbb30 RCX: 00007f1e6fc88639
[   28.352865] RDX: 0000000000000000 RSI: 00007f1e6f967105 RDI: 0000000000000005
[   28.362172] RBP: 00007f1e6f967105 R08: 0000000000000000 R09: 000055caaaec3a60
[   28.370479] R10: 0000000000000005 R11: 0000000000000246 R12: 0000000000000000
[   28.378769] R13: 000055caaaed6c60 R14: 0000000000020000 R15: 000055caaaedbb30
[   28.387316] Code: 28 00 00 00 75 40 48 83 c4 48 41 5a 5d 49 8d 62 f8 c3 48 89 d1 48 89 f2 48 8d 75 b0 e8 1e fe ff ff 8b 55 c8 83 e2 01 74 0a f3 90 <8b> 55 c8 83 e2 01 75 f6 eb c2 8b 05 a4 7f 83 01 85 c0 75 81 0f 
[   56.048872] watchdog: BUG: soft lockup - CPU#1 stuck for 23s! [systemd-udevd:152]
[   56.058981] Modules linked in:
[   56.063303] CPU: 1 PID: 152 Comm: systemd-udevd Tainted: G             L   4.15.0-135-generic #139-Ubuntu
[   56.075460] Hardware name: innotek GmbH VirtualBox/VirtualBox, BIOS VirtualBox 12/01/2006
[   56.085628] RIP: 0010:smp_call_function_single+0xdc/0x100
[   56.092817] RSP: 0018:ffffb377c0403920 EFLAGS: 00010202 ORIG_RAX: ffffffffffffff11
[   56.102063] RAX: 0000000000000000 RBX: 0000000000000001 RCX: 0000000000000000
[   56.111074] RDX: 0000000000000001 RSI: 00000000000000fb RDI: 0000000000000286
[   56.120615] RBP: ffffb377c0403970 R08: 0000000000000000 R09: 0000000000000003
[   56.129556] R10: ffffb377c0403998 R11: 0000000000000017 R12: ffffffffb5460420
[   56.138786] R13: 0000000000000001 R14: ffffffffb3e7f530 R15: 0000000000000000
[   56.147764] FS:  00007f1e70181680(0000) GS:ffff9a18bfd00000(0000) knlGS:0000000000000000
[   56.157889] CS:  0010 DS: 0000 ES: 0000 CR0: 0000000080050033
[   56.165182] CR2: 00007f1e7017deeb CR3: 000000003640a004 CR4: 00000000000206e0
[   56.174010] Call Trace:
[   56.177909]  ? load_new_mm_cr3+0xf0/0xf0
[   56.183148]  ? find_next_bit+0xb/0x10
[   56.189477]  smp_call_function_many+0x1cc/0x250
[   56.196433]  ? smp_call_function_many+0x1cc/0x250
[   56.203140]  ? load_new_mm_cr3+0xf0/0xf0
[   56.208856]  on_each_cpu+0x2d/0x60
[   56.214504]  flush_tlb_all+0x1c/0x20
[   56.220127]  __change_page_attr+0x148/0xbe0
[   56.225959]  ? syscall_return_via_sysret+0x16/0x76
[   56.232060]  ? 0xffffffffb3e00000
[   56.236495]  __change_page_attr_set_clr+0x6b/0x2d0
[   56.243022]  ? finish_task_switch+0x40/0x230
[   56.248635]  ? 0xffffffffb3e00000
[   56.253174]  __change_page_attr_set_clr+0x2a2/0x2d0
[   56.259466]  change_page_attr_set_clr+0x158/0x3a0
[   56.265888]  ? kvm_sched_clock_read+0x1e/0x30
[   56.271615]  set_memory_ro+0x29/0x30
[   56.276450]  frob_text.isra.35+0x23/0x30
[   56.281587]  module_enable_ro.part.57+0x35/0x90
[   56.287741]  load_module+0x12c4/0x1f20
[   56.292739]  ? ima_post_read_file+0x96/0xa0
[   56.298196]  SYSC_finit_module+0xfc/0x120
[   56.303446]  ? SYSC_finit_module+0xfc/0x120
[   56.309201]  SyS_finit_module+0xe/0x10
[   56.314216]  do_syscall_64+0x73/0x130
[   56.319150]  entry_SYSCALL_64_after_hwframe+0x41/0xa6
[   56.325629] RIP: 0033:0x7f1e6fc88639
[   56.330970] RSP: 002b:00007fff355b6f48 EFLAGS: 00000246 ORIG_RAX: 0000000000000139
[   56.340444] RAX: ffffffffffffffda RBX: 000055caaaedbb30 RCX: 00007f1e6fc88639
[   56.349593] RDX: 0000000000000000 RSI: 00007f1e6f967105 RDI: 0000000000000005
[   56.358422] RBP: 00007f1e6f967105 R08: 0000000000000000 R09: 000055caaaec3a60
[   56.367212] R10: 0000000000000005 R11: 0000000000000246 R12: 0000000000000000
[   56.376628] R13: 000055caaaed6c60 R14: 0000000000020000 R15: 000055caaaedbb30
[   56.386288] Code: 28 00 00 00 75 40 48 83 c4 48 41 5a 5d 49 8d 62 f8 c3 48 89 d1 48 89 f2 48 8d 75 b0 e8 1e fe ff ff 8b 55 c8 83 e2 01 74 0a f3 90 <8b> 55 c8 83 e2 01 75 f6 eb c2 8b 05 a4 7f 83 01 85 c0 75 81 0f 
[   84.030987] watchdog: BUG: soft lockup - CPU#1 stuck for 23s! [systemd-udevd:152]
[   84.040432] Modules linked in:
[   84.044653] CPU: 1 PID: 152 Comm: systemd-udevd Tainted: G             L   4.15.0-135-generic #139-Ubuntu
[   84.056536] Hardware name: innotek GmbH VirtualBox/VirtualBox, BIOS VirtualBox 12/01/2006
[   84.066559] RIP: 0010:smp_call_function_single+0xdc/0x100
[   84.074437] RSP: 0018:ffffb377c0403920 EFLAGS: 00010202 ORIG_RAX: ffffffffffffff11
[   84.083837] RAX: 0000000000000000 RBX: 0000000000000001 RCX: 0000000000000000
[   84.092710] RDX: 0000000000000001 RSI: 00000000000000fb RDI: 0000000000000286
[   84.101916] RBP: ffffb377c0403970 R08: 0000000000000000 R09: 0000000000000003
[   84.110744] R10: ffffb377c0403998 R11: 0000000000000017 R12: ffffffffb5460420
[   84.120143] R13: 0000000000000001 R14: ffffffffb3e7f530 R15: 0000000000000000
[   84.129143] FS:  00007f1e70181680(0000) GS:ffff9a18bfd00000(0000) knlGS:0000000000000000
[   84.140035] CS:  0010 DS: 0000 ES: 0000 CR0: 0000000080050033
[   84.147217] CR2: 00007f1e7017deeb CR3: 000000003640a004 CR4: 00000000000206e0
[   84.156028] Call Trace:
[   84.159896]  ? load_new_mm_cr3+0xf0/0xf0
[   84.165054]  ? find_next_bit+0xb/0x10
[   84.169950]  smp_call_function_many+0x1cc/0x250
[   84.175819]  ? smp_call_function_many+0x1cc/0x250
[   84.182158]  ? load_new_mm_cr3+0xf0/0xf0
[   84.187562]  on_each_cpu+0x2d/0x60
[   84.194478]  flush_tlb_all+0x1c/0x20
[   84.199602]  __change_page_attr+0x148/0xbe0
[   84.205877]  ? syscall_return_via_sysret+0x16/0x76
[   84.211896]  ? 0xffffffffb3e00000
[   84.216751]  __change_page_attr_set_clr+0x6b/0x2d0
[   84.224383]  ? finish_task_switch+0x40/0x230
[   84.231758]  ? 0xffffffffb3e00000
[   84.236820]  __change_page_attr_set_clr+0x2a2/0x2d0
[   84.243906]  change_page_attr_set_clr+0x158/0x3a0
[   84.250053]  ? kvm_sched_clock_read+0x1e/0x30
[   84.255437]  set_memory_ro+0x29/0x30
[   84.260074]  frob_text.isra.35+0x23/0x30
[   84.265949]  module_enable_ro.part.57+0x35/0x90
[   84.271991]  load_module+0x12c4/0x1f20
[   84.277313]  ? ima_post_read_file+0x96/0xa0
[   84.283578]  SYSC_finit_module+0xfc/0x120
[   84.289229]  ? SYSC_finit_module+0xfc/0x120
[   84.295029]  SyS_finit_module+0xe/0x10
[   84.299647]  do_syscall_64+0x73/0x130
[   84.304315]  entry_SYSCALL_64_after_hwframe+0x41/0xa6
[   84.309787] RIP: 0033:0x7f1e6fc88639
[   84.314055] RSP: 002b:00007fff355b6f48 EFLAGS: 00000246 ORIG_RAX: 0000000000000139
[   84.322061] RAX: ffffffffffffffda RBX: 000055caaaedbb30 RCX: 00007f1e6fc88639
[   84.329511] RDX: 0000000000000000 RSI: 00007f1e6f967105 RDI: 0000000000000005
[   84.337281] RBP: 00007f1e6f967105 R08: 0000000000000000 R09: 000055caaaec3a60
[   84.345236] R10: 0000000000000005 R11: 0000000000000246 R12: 0000000000000000
[   84.353260] R13: 000055caaaed6c60 R14: 0000000000020000 R15: 000055caaaedbb30
[   84.360798] Code: 28 00 00 00 75 40 48 83 c4 48 41 5a 5d 49 8d 62 f8 c3 48 89 d1 48 89 f2 48 8d 75 b0 e8 1e fe ff ff 8b 55 c8 83 e2 01 74 0a f3 90 <8b> 55 c8 83 e2 01 75 f6 eb c2 8b 05 a4 7f 83 01 85 c0 75 81 0f 
[  112.044391] watchdog: BUG: soft lockup - CPU#1 stuck for 22s! [systemd-udevd:152]
[  112.053597] Modules linked in:
[  112.057968] CPU: 1 PID: 152 Comm: systemd-udevd Tainted: G             L   4.15.0-135-generic #139-Ubuntu
[  112.069100] Hardware name: innotek GmbH VirtualBox/VirtualBox, BIOS VirtualBox 12/01/2006
[  112.078828] RIP: 0010:smp_call_function_single+0xdc/0x100
[  112.085283] RSP: 0018:ffffb377c0403920 EFLAGS: 00010202 ORIG_RAX: ffffffffffffff11
[  112.094648] RAX: 0000000000000000 RBX: 0000000000000001 RCX: 0000000000000000
[  112.103602] RDX: 0000000000000001 RSI: 00000000000000fb RDI: 0000000000000286
[  112.111700] RBP: ffffb377c0403970 R08: 0000000000000000 R09: 0000000000000003
[  112.120548] R10: ffffb377c0403998 R11: 0000000000000017 R12: ffffffffb5460420
[  112.128497] R13: 0000000000000001 R14: ffffffffb3e7f530 R15: 0000000000000000
[  112.137167] FS:  00007f1e70181680(0000) GS:ffff9a18bfd00000(0000) knlGS:0000000000000000
[  112.146734] CS:  0010 DS: 0000 ES: 0000 CR0: 0000000080050033
[  112.153834] CR2: 00007f1e7017deeb CR3: 000000003640a004 CR4: 00000000000206e0
[  112.161921] Call Trace:
[  112.165125]  ? load_new_mm_cr3+0xf0/0xf0
[  112.169913]  ? find_next_bit+0xb/0x10
[  112.174700]  smp_call_function_many+0x1cc/0x250
[  112.180205]  ? smp_call_function_many+0x1cc/0x250
[  112.185895]  ? load_new_mm_cr3+0xf0/0xf0
[  112.190720]  on_each_cpu+0x2d/0x60
[  112.197408]  flush_tlb_all+0x1c/0x20
[  112.202815]  __change_page_attr+0x148/0xbe0
[  112.208773]  ? syscall_return_via_sysret+0x16/0x76
[  112.217082]  ? 0xffffffffb3e00000
[  112.221456]  __change_page_attr_set_clr+0x6b/0x2d0
[  112.227466]  ? finish_task_switch+0x40/0x230
[  112.235531]  ? 0xffffffffb3e00000
[  112.240804]  __change_page_attr_set_clr+0x2a2/0x2d0
[  112.247381]  change_page_attr_set_clr+0x158/0x3a0
[  112.256294]  ? kvm_sched_clock_read+0x1e/0x30
[  112.263007]  set_memory_ro+0x29/0x30
[  112.268265]  frob_text.isra.35+0x23/0x30
[  112.273433]  module_enable_ro.part.57+0x35/0x90
[  112.279442]  load_module+0x12c4/0x1f20
[  112.284703]  ? ima_post_read_file+0x96/0xa0
[  112.290155]  SYSC_finit_module+0xfc/0x120
[  112.295499]  ? SYSC_finit_module+0xfc/0x120
[  112.301636]  SyS_finit_module+0xe/0x10
[  112.307304]  do_syscall_64+0x73/0x130
[  112.312691]  entry_SYSCALL_64_after_hwframe+0x41/0xa6
[  112.318449] RIP: 0033:0x7f1e6fc88639
[  112.322694] RSP: 002b:00007fff355b6f48 EFLAGS: 00000246 ORIG_RAX: 0000000000000139
[  112.331626] RAX: ffffffffffffffda RBX: 000055caaaedbb30 RCX: 00007f1e6fc88639
[  112.339569] RDX: 0000000000000000 RSI: 00007f1e6f967105 RDI: 0000000000000005
[  112.347815] RBP: 00007f1e6f967105 R08: 0000000000000000 R09: 000055caaaec3a60
[  112.355767] R10: 0000000000000005 R11: 0000000000000246 R12: 0000000000000000
[  112.363674] R13: 000055caaaed6c60 R14: 0000000000020000 R15: 000055caaaedbb30
[  112.371946] Code: 28 00 00 00 75 40 48 83 c4 48 41 5a 5d 49 8d 62 f8 c3 48 89 d1 48 89 f2 48 8d 75 b0 e8 1e fe ff ff 8b 55 c8 83 e2 01 74 0a f3 90 <8b> 55 c8 83 e2 01 75 f6 eb c2 8b 05 a4 7f 83 01 85 c0 75 81 0f 
[  140.036467] watchdog: BUG: soft lockup - CPU#1 stuck for 22s! [systemd-udevd:152]
[  140.045975] Modules linked in:
[  140.050153] CPU: 1 PID: 152 Comm: systemd-udevd Tainted: G             L   4.15.0-135-generic #139-Ubuntu
[  140.061407] Hardware name: innotek GmbH VirtualBox/VirtualBox, BIOS VirtualBox 12/01/2006
[  140.071451] RIP: 0010:smp_call_function_single+0xdc/0x100
[  140.077934] RSP: 0018:ffffb377c0403920 EFLAGS: 00010202 ORIG_RAX: ffffffffffffff11
[  140.086935] RAX: 0000000000000000 RBX: 0000000000000001 RCX: 0000000000000000
[  140.095743] RDX: 0000000000000001 RSI: 00000000000000fb RDI: 0000000000000286
[  140.104220] RBP: ffffb377c0403970 R08: 0000000000000000 R09: 0000000000000003
[  140.112873] R10: ffffb377c0403998 R11: 0000000000000017 R12: ffffffffb5460420
[  140.121252] R13: 0000000000000001 R14: ffffffffb3e7f530 R15: 0000000000000000
[  140.129741] FS:  00007f1e70181680(0000) GS:ffff9a18bfd00000(0000) knlGS:0000000000000000
[  140.141010] CS:  0010 DS: 0000 ES: 0000 CR0: 0000000080050033
[  140.147496] CR2: 00007f1e7017deeb CR3: 000000003640a004 CR4: 00000000000206e0
[  140.156190] Call Trace:
[  140.159335]  ? load_new_mm_cr3+0xf0/0xf0
[  140.164140]  ? find_next_bit+0xb/0x10
[  140.168654]  smp_call_function_many+0x1cc/0x250
[  140.174227]  ? smp_call_function_many+0x1cc/0x250
[  140.180966]  ? load_new_mm_cr3+0xf0/0xf0
[  140.186078]  on_each_cpu+0x2d/0x60
[  140.190561]  flush_tlb_all+0x1c/0x20
[  140.196184]  __change_page_attr+0x148/0xbe0
[  140.203199]  ? syscall_return_via_sysret+0x16/0x76
[  140.209675]  ? 0xffffffffb3e00000
[  140.214478]  __change_page_attr_set_clr+0x6b/0x2d0
[  140.224544]  ? finish_task_switch+0x40/0x230
[  140.230074]  ? 0xffffffffb3e00000
[  140.234467]  __change_page_attr_set_clr+0x2a2/0x2d0
[  140.241751]  change_page_attr_set_clr+0x158/0x3a0
[  140.247617]  ? kvm_sched_clock_read+0x1e/0x30
[  140.252860]  set_memory_ro+0x29/0x30
[  140.257158]  frob_text.isra.35+0x23/0x30
[  140.262640]  module_enable_ro.part.57+0x35/0x90
[  140.268307]  load_module+0x12c4/0x1f20
[  140.273127]  ? ima_post_read_file+0x96/0xa0
[  140.278079]  SYSC_finit_module+0xfc/0x120
[  140.284126]  ? SYSC_finit_module+0xfc/0x120
[  140.288965]  SyS_finit_module+0xe/0x10
[  140.293446]  do_syscall_64+0x73/0x130
[  140.297955]  entry_SYSCALL_64_after_hwframe+0x41/0xa6
[  140.303732] RIP: 0033:0x7f1e6fc88639
[  140.308129] RSP: 002b:00007fff355b6f48 EFLAGS: 00000246 ORIG_RAX: 0000000000000139
[  140.316393] RAX: ffffffffffffffda RBX: 000055caaaedbb30 RCX: 00007f1e6fc88639
[  140.324316] RDX: 0000000000000000 RSI: 00007f1e6f967105 RDI: 0000000000000005
[  140.332641] RBP: 00007f1e6f967105 R08: 0000000000000000 R09: 000055caaaec3a60
[  140.340526] R10: 0000000000000005 R11: 0000000000000246 R12: 0000000000000000
[  140.348754] R13: 000055caaaed6c60 R14: 0000000000020000 R15: 000055caaaedbb30
[  140.356655] Code: 28 00 00 00 75 40 48 83 c4 48 41 5a 5d 49 8d 62 f8 c3 48 89 d1 48 89 f2 48 8d 75 b0 e8 1e fe ff ff 8b 55 c8 83 e2 01 74 0a f3 90 <8b> 55 c8 83 e2 01 75 f6 eb c2 8b 05 a4 7f 83 01 85 c0 75 81 0f 
[  168.029686] watchdog: BUG: soft lockup - CPU#1 stuck for 22s! [systemd-udevd:152]
[  168.038659] Modules linked in:
[  168.042594] CPU: 1 PID: 152 Comm: systemd-udevd Tainted: G             L   4.15.0-135-generic #139-Ubuntu
[  168.054624] Hardware name: innotek GmbH VirtualBox/VirtualBox, BIOS VirtualBox 12/01/2006
[  168.064406] RIP: 0010:smp_call_function_single+0xdc/0x100
[  168.070867] RSP: 0018:ffffb377c0403920 EFLAGS: 00010202 ORIG_RAX: ffffffffffffff11
[  168.081880] RAX: 0000000000000000 RBX: 0000000000000001 RCX: 0000000000000000
[  168.091867] RDX: 0000000000000001 RSI: 00000000000000fb RDI: 0000000000000286
[  168.102288] RBP: ffffb377c0403970 R08: 0000000000000000 R09: 0000000000000003
[  168.110442] R10: ffffb377c0403998 R11: 0000000000000017 R12: ffffffffb5460420
[  168.121488] R13: 0000000000000001 R14: ffffffffb3e7f530 R15: 0000000000000000
[  168.133327] FS:  00007f1e70181680(0000) GS:ffff9a18bfd00000(0000) knlGS:0000000000000000
[  168.146318] CS:  0010 DS: 0000 ES: 0000 CR0: 0000000080050033
[  168.153370] CR2: 00007f1e7017deeb CR3: 000000003640a004 CR4: 00000000000206e0
[  168.161928] Call Trace:
[  168.165076]  ? load_new_mm_cr3+0xf0/0xf0
[  168.169897]  ? find_next_bit+0xb/0x10
[  168.174332]  smp_call_function_many+0x1cc/0x250
[  168.180149]  ? smp_call_function_many+0x1cc/0x250
[  168.185565]  ? load_new_mm_cr3+0xf0/0xf0
[  168.192936]  on_each_cpu+0x2d/0x60
[  168.199443]  flush_tlb_all+0x1c/0x20
[  168.204182]  __change_page_attr+0x148/0xbe0
[  168.209293]  ? syscall_return_via_sysret+0x16/0x76
[  168.215054]  ? 0xffffffffb3e00000
[  168.219019]  __change_page_attr_set_clr+0x6b/0x2d0
[  168.224832]  ? finish_task_switch+0x40/0x230
[  168.230319]  ? 0xffffffffb3e00000
[  168.234247]  __change_page_attr_set_clr+0x2a2/0x2d0
[  168.239845]  change_page_attr_set_clr+0x158/0x3a0
[  168.245673]  ? kvm_sched_clock_read+0x1e/0x30
[  168.250685]  set_memory_ro+0x29/0x30
[  168.254966]  frob_text.isra.35+0x23/0x30
[  168.259494]  module_enable_ro.part.57+0x35/0x90
[  168.265011]  load_module+0x12c4/0x1f20
[  168.269932]  ? ima_post_read_file+0x96/0xa0
[  168.275038]  SYSC_finit_module+0xfc/0x120
[  168.279920]  ? SYSC_finit_module+0xfc/0x120
[  168.284988]  SyS_finit_module+0xe/0x10
[  168.289866]  do_syscall_64+0x73/0x130
[  168.294341]  entry_SYSCALL_64_after_hwframe+0x41/0xa6
[  168.300344] RIP: 0033:0x7f1e6fc88639
[  168.304739] RSP: 002b:00007fff355b6f48 EFLAGS: 00000246 ORIG_RAX: 0000000000000139
[  168.313627] RAX: ffffffffffffffda RBX: 000055caaaedbb30 RCX: 00007f1e6fc88639
[  168.321564] RDX: 0000000000000000 RSI: 00007f1e6f967105 RDI: 0000000000000005
[  168.329664] RBP: 00007f1e6f967105 R08: 0000000000000000 R09: 000055caaaec3a60
[  168.338281] R10: 0000000000000005 R11: 0000000000000246 R12: 0000000000000000
[  168.346801] R13: 000055caaaed6c60 R14: 0000000000020000 R15: 000055caaaedbb30
[  168.355505] Code: 28 00 00 00 75 40 48 83 c4 48 41 5a 5d 49 8d 62 f8 c3 48 89 d1 48 89 f2 48 8d 75 b0 e8 1e fe ff ff 8b 55 c8 83 e2 01 74 0a f3 90 <8b> 55 c8 83 e2 01 75 f6 eb c2 8b 05 a4 7f 83 01 85 c0 75 81 0f 
[  196.040139] watchdog: BUG: soft lockup - CPU#1 stuck for 22s! [systemd-udevd:152]
[  196.049948] Modules linked in:
[  196.053983] CPU: 1 PID: 152 Comm: systemd-udevd Tainted: G             L   4.15.0-135-generic #139-Ubuntu
[  196.067217] Hardware name: innotek GmbH VirtualBox/VirtualBox, BIOS VirtualBox 12/01/2006
[  196.078160] RIP: 0010:smp_call_function_single+0xdc/0x100
[  196.085267] RSP: 0018:ffffb377c0403920 EFLAGS: 00010202 ORIG_RAX: ffffffffffffff11
[  196.094667] RAX: 0000000000000000 RBX: 0000000000000001 RCX: 0000000000000000
[  196.103851] RDX: 0000000000000001 RSI: 00000000000000fb RDI: 0000000000000286
[  196.113006] RBP: ffffb377c0403970 R08: 0000000000000000 R09: 0000000000000003
[  196.121488] R10: ffffb377c0403998 R11: 0000000000000017 R12: ffffffffb5460420
[  196.129819] R13: 0000000000000001 R14: ffffffffb3e7f530 R15: 0000000000000000
[  196.138980] FS:  00007f1e70181680(0000) GS:ffff9a18bfd00000(0000) knlGS:0000000000000000
[  196.149782] CS:  0010 DS: 0000 ES: 0000 CR0: 0000000080050033
[  196.156385] CR2: 00007f1e7017deeb CR3: 000000003640a004 CR4: 00000000000206e0
[  196.165010] Call Trace:
[  196.169212]  ? load_new_mm_cr3+0xf0/0xf0
[  196.174408]  ? find_next_bit+0xb/0x10
[  196.179658]  smp_call_function_many+0x1cc/0x250
[  196.185049]  ? smp_call_function_many+0x1cc/0x250
[  196.193884]  ? load_new_mm_cr3+0xf0/0xf0
[  196.199498]  on_each_cpu+0x2d/0x60
[  196.203526]  flush_tlb_all+0x1c/0x20
[  196.207790]  __change_page_attr+0x148/0xbe0
[  196.214551]  ? syscall_return_via_sysret+0x16/0x76
[  196.220839]  ? 0xffffffffb3e00000
[  196.224729]  __change_page_attr_set_clr+0x6b/0x2d0
[  196.230040]  ? finish_task_switch+0x40/0x230
[  196.237958]  ? 0xffffffffb3e00000
[  196.243548]  __change_page_attr_set_clr+0x2a2/0x2d0
[  196.249164]  change_page_attr_set_clr+0x158/0x3a0
[  196.254905]  ? kvm_sched_clock_read+0x1e/0x30
[  196.260440]  set_memory_ro+0x29/0x30
[  196.265402]  frob_text.isra.35+0x23/0x30
[  196.270096]  module_enable_ro.part.57+0x35/0x90
[  196.275662]  load_module+0x12c4/0x1f20
[  196.281068]  ? ima_post_read_file+0x96/0xa0
[  196.286070]  SYSC_finit_module+0xfc/0x120
[  196.290904]  ? SYSC_finit_module+0xfc/0x120
[  196.295827]  SyS_finit_module+0xe/0x10
[  196.301779]  do_syscall_64+0x73/0x130
[  196.306097]  entry_SYSCALL_64_after_hwframe+0x41/0xa6
[  196.312956] RIP: 0033:0x7f1e6fc88639
[  196.317373] RSP: 002b:00007fff355b6f48 EFLAGS: 00000246 ORIG_RAX: 0000000000000139
[  196.327573] RAX: ffffffffffffffda RBX: 000055caaaedbb30 RCX: 00007f1e6fc88639
[  196.336400] RDX: 0000000000000000 RSI: 00007f1e6f967105 RDI: 0000000000000005
[  196.345679] RBP: 00007f1e6f967105 R08: 0000000000000000 R09: 000055caaaec3a60
[  196.353770] R10: 0000000000000005 R11: 0000000000000246 R12: 0000000000000000
[  196.362169] R13: 000055caaaed6c60 R14: 0000000000020000 R15: 000055caaaedbb30
[  196.371257] Code: 28 00 00 00 75 40 48 83 c4 48 41 5a 5d 49 8d 62 f8 c3 48 89 d1 48 89 f2 48 8d 75 b0 e8 1e fe ff ff 8b 55 c8 83 e2 01 74 0a f3 90 <8b> 55 c8 83 e2 01 75 f6 eb c2 8b 05 a4 7f 83 01 85 c0 75 81 0f 
[  224.034462] watchdog: BUG: soft lockup - CPU#1 stuck for 22s! [systemd-udevd:152]
[  224.043018] Modules linked in:
[  224.047050] CPU: 1 PID: 152 Comm: systemd-udevd Tainted: G             L   4.15.0-135-generic #139-Ubuntu
[  224.058539] Hardware name: innotek GmbH VirtualBox/VirtualBox, BIOS VirtualBox 12/01/2006
[  224.068017] RIP: 0010:smp_call_function_single+0xda/0x100
[  224.074704] RSP: 0018:ffffb377c0403920 EFLAGS: 00010202 ORIG_RAX: ffffffffffffff11
[  224.083930] RAX: 0000000000000000 RBX: 0000000000000001 RCX: 0000000000000000
[  224.093077] RDX: 0000000000000001 RSI: 00000000000000fb RDI: 0000000000000286
[  224.101519] RBP: ffffb377c0403970 R08: 0000000000000000 R09: 0000000000000003
[  224.110571] R10: ffffb377c0403998 R11: 0000000000000017 R12: ffffffffb5460420
[  224.119053] R13: 0000000000000001 R14: ffffffffb3e7f530 R15: 0000000000000000
[  224.127651] FS:  00007f1e70181680(0000) GS:ffff9a18bfd00000(0000) knlGS:0000000000000000
[  224.137787] CS:  0010 DS: 0000 ES: 0000 CR0: 0000000080050033
[  224.144842] CR2: 00007f1e7017deeb CR3: 000000003640a004 CR4: 00000000000206e0
[  224.153490] Call Trace:
[  224.156885]  ? load_new_mm_cr3+0xf0/0xf0
[  224.162035]  ? find_next_bit+0xb/0x10
[  224.166506]  smp_call_function_many+0x1cc/0x250
[  224.171962]  ? smp_call_function_many+0x1cc/0x250
[  224.177594]  ? load_new_mm_cr3+0xf0/0xf0
[  224.181917]  on_each_cpu+0x2d/0x60
[  224.185726]  flush_tlb_all+0x1c/0x20
[  224.189661]  __change_page_attr+0x148/0xbe0
[  224.194598]  ? syscall_return_via_sysret+0x16/0x76
[  224.203373]  ? 0xffffffffb3e00000
[  224.207726]  __change_page_attr_set_clr+0x6b/0x2d0
[  224.213289]  ? finish_task_switch+0x40/0x230
[  224.219281]  ? 0xffffffffb3e00000
[  224.223839]  __change_page_attr_set_clr+0x2a2/0x2d0
[  224.229563]  change_page_attr_set_clr+0x158/0x3a0
[  224.235570]  ? kvm_sched_clock_read+0x1e/0x30
[  224.241243]  set_memory_ro+0x29/0x30
[  224.245185]  frob_text.isra.35+0x23/0x30
[  224.249757]  module_enable_ro.part.57+0x35/0x90
[  224.255656]  load_module+0x12c4/0x1f20
[  224.260299]  ? ima_post_read_file+0x96/0xa0
[  224.265506]  SYSC_finit_module+0xfc/0x120
[  224.270218]  ? SYSC_finit_module+0xfc/0x120
[  224.275245]  SyS_finit_module+0xe/0x10
[  224.279954]  do_syscall_64+0x73/0x130
[  224.284703]  entry_SYSCALL_64_after_hwframe+0x41/0xa6
[  224.290124] RIP: 0033:0x7f1e6fc88639
[  224.294056] RSP: 002b:00007fff355b6f48 EFLAGS: 00000246 ORIG_RAX: 0000000000000139
[  224.302021] RAX: ffffffffffffffda RBX: 000055caaaedbb30 RCX: 00007f1e6fc88639
[  224.309770] RDX: 0000000000000000 RSI: 00007f1e6f967105 RDI: 0000000000000005
[  224.317931] RBP: 00007f1e6f967105 R08: 0000000000000000 R09: 000055caaaec3a60
[  224.326167] R10: 0000000000000005 R11: 0000000000000246 R12: 0000000000000000
[  224.334085] R13: 000055caaaed6c60 R14: 0000000000020000 R15: 000055caaaedbb30
[  224.341761] Code: 3c 25 28 00 00 00 75 40 48 83 c4 48 41 5a 5d 49 8d 62 f8 c3 48 89 d1 48 89 f2 48 8d 75 b0 e8 1e fe ff ff 8b 55 c8 83 e2 01 74 0a <f3> 90 8b 55 c8 83 e2 01 75 f6 eb c2 8b 05 a4 7f 83 01 85 c0 75 
[  252.035948] watchdog: BUG: soft lockup - CPU#1 stuck for 22s! [systemd-udevd:152]
[  252.045890] Modules linked in:
[  252.050157] CPU: 1 PID: 152 Comm: systemd-udevd Tainted: G             L   4.15.0-135-generic #139-Ubuntu
[  252.061944] Hardware name: innotek GmbH VirtualBox/VirtualBox, BIOS VirtualBox 12/01/2006
[  252.073105] RIP: 0010:smp_call_function_single+0xdc/0x100
[  252.081110] RSP: 0018:ffffb377c0403920 EFLAGS: 00010202 ORIG_RAX: ffffffffffffff11
[  252.091075] RAX: 0000000000000000 RBX: 0000000000000001 RCX: 0000000000000000
[  252.101029] RDX: 0000000000000001 RSI: 00000000000000fb RDI: 0000000000000286
[  252.109707] RBP: ffffb377c0403970 R08: 0000000000000000 R09: 0000000000000003
[  252.118330] R10: ffffb377c0403998 R11: 0000000000000017 R12: ffffffffb5460420
[  252.126899] R13: 0000000000000001 R14: ffffffffb3e7f530 R15: 0000000000000000
[  252.135428] FS:  00007f1e70181680(0000) GS:ffff9a18bfd00000(0000) knlGS:0000000000000000
[  252.146060] CS:  0010 DS: 0000 ES: 0000 CR0: 0000000080050033
[  252.153130] CR2: 00007f1e7017deeb CR3: 000000003640a004 CR4: 00000000000206e0
[  252.161121] Call Trace:
[  252.164153]  ? load_new_mm_cr3+0xf0/0xf0
[  252.169928]  ? find_next_bit+0xb/0x10
[  252.174913]  smp_call_function_many+0x1cc/0x250
[  252.180893]  ? smp_call_function_many+0x1cc/0x250
[  252.186573]  ? load_new_mm_cr3+0xf0/0xf0
[  252.193777]  on_each_cpu+0x2d/0x60
[  252.199591]  flush_tlb_all+0x1c/0x20
[  252.204492]  __change_page_attr+0x148/0xbe0
[  252.209939]  ? syscall_return_via_sysret+0x16/0x76
[  252.215162]  ? 0xffffffffb3e00000
[  252.218888]  __change_page_attr_set_clr+0x6b/0x2d0
[  252.224041]  ? finish_task_switch+0x40/0x230
[  252.229346]  ? 0xffffffffb3e00000
[  252.233274]  __change_page_attr_set_clr+0x2a2/0x2d0
[  252.238811]  change_page_attr_set_clr+0x158/0x3a0
[  252.244217]  ? kvm_sched_clock_read+0x1e/0x30
[  252.249258]  set_memory_ro+0x29/0x30
[  252.253842]  frob_text.isra.35+0x23/0x30
[  252.258510]  module_enable_ro.part.57+0x35/0x90
[  252.263779]  load_module+0x12c4/0x1f20
[  252.268380]  ? ima_post_read_file+0x96/0xa0
[  252.274021]  SYSC_finit_module+0xfc/0x120
[  252.279211]  ? SYSC_finit_module+0xfc/0x120
[  252.284983]  SyS_finit_module+0xe/0x10
[  252.289612]  do_syscall_64+0x73/0x130
[  252.294428]  entry_SYSCALL_64_after_hwframe+0x41/0xa6
[  252.300460] RIP: 0033:0x7f1e6fc88639
[  252.305075] RSP: 002b:00007fff355b6f48 EFLAGS: 00000246 ORIG_RAX: 0000000000000139
[  252.314141] RAX: ffffffffffffffda RBX: 000055caaaedbb30 RCX: 00007f1e6fc88639
[  252.323587] RDX: 0000000000000000 RSI: 00007f1e6f967105 RDI: 0000000000000005
[  252.331727] RBP: 00007f1e6f967105 R08: 0000000000000000 R09: 000055caaaec3a60
[  252.339956] R10: 0000000000000005 R11: 0000000000000246 R12: 0000000000000000
[  252.347659] R13: 000055caaaed6c60 R14: 0000000000020000 R15: 000055caaaedbb30
[  252.356080] Code: 28 00 00 00 75 40 48 83 c4 48 41 5a 5d 49 8d 62 f8 c3 48 89 d1 48 89 f2 48 8d 75 b0 e8 1e fe ff ff 8b 55 c8 83 e2 01 74 0a f3 90 <8b> 55 c8 83 e2 01 75 f6 eb c2 8b 05 a4 7f 83 01 85 c0 75 81 0f 
[  280.030213] watchdog: BUG: soft lockup - CPU#1 stuck for 22s! [systemd-udevd:152]
[  280.041210] Modules linked in:
[  280.045073] CPU: 1 PID: 152 Comm: systemd-udevd Tainted: G             L   4.15.0-135-generic #139-Ubuntu
[  280.057099] Hardware name: innotek GmbH VirtualBox/VirtualBox, BIOS VirtualBox 12/01/2006
[  280.068661] RIP: 0010:smp_call_function_single+0xdc/0x100
[  280.077365] RSP: 0018:ffffb377c0403920 EFLAGS: 00010202 ORIG_RAX: ffffffffffffff11
[  280.087084] RAX: 0000000000000000 RBX: 0000000000000001 RCX: 0000000000000000
[  280.099666] RDX: 0000000000000001 RSI: 00000000000000fb RDI: 0000000000000286
[  280.108639] RBP: ffffb377c0403970 R08: 0000000000000000 R09: 0000000000000003
[  280.118294] R10: ffffb377c0403998 R11: 0000000000000017 R12: ffffffffb5460420
[  280.127146] R13: 0000000000000001 R14: ffffffffb3e7f530 R15: 0000000000000000
[  280.136178] FS:  00007f1e70181680(0000) GS:ffff9a18bfd00000(0000) knlGS:0000000000000000
[  280.147051] CS:  0010 DS: 0000 ES: 0000 CR0: 0000000080050033
[  280.154429] CR2: 00007f1e7017deeb CR3: 000000003640a004 CR4: 00000000000206e0
[  280.162799] Call Trace:
[  280.165895]  ? load_new_mm_cr3+0xf0/0xf0
[  280.170485]  ? find_next_bit+0xb/0x10
[  280.174874]  smp_call_function_many+0x1cc/0x250
[  280.181696]  ? smp_call_function_many+0x1cc/0x250
[  280.187826]  ? load_new_mm_cr3+0xf0/0xf0
[  280.200408]  on_each_cpu+0x2d/0x60
[  280.206424]  flush_tlb_all+0x1c/0x20
[  280.211669]  __change_page_attr+0x148/0xbe0
[  280.217388]  ? syscall_return_via_sysret+0x16/0x76
[  280.223798]  ? 0xffffffffb3e00000
[  280.227993]  __change_page_attr_set_clr+0x6b/0x2d0
[  280.234113]  ? finish_task_switch+0x40/0x230
[  280.239297]  ? 0xffffffffb3e00000
[  280.244246]  __change_page_attr_set_clr+0x2a2/0x2d0
[  280.251325]  change_page_attr_set_clr+0x158/0x3a0
[  280.257783]  ? kvm_sched_clock_read+0x1e/0x30
[  280.263610]  set_memory_ro+0x29/0x30
[  280.269561]  frob_text.isra.35+0x23/0x30
[  280.275197]  module_enable_ro.part.57+0x35/0x90
[  280.281485]  load_module+0x12c4/0x1f20
[  280.286130]  ? ima_post_read_file+0x96/0xa0
[  280.294919]  SYSC_finit_module+0xfc/0x120
[  280.300333]  ? SYSC_finit_module+0xfc/0x120
[  280.306360]  SyS_finit_module+0xe/0x10
[  280.312110]  do_syscall_64+0x73/0x130
[  280.317217]  entry_SYSCALL_64_after_hwframe+0x41/0xa6
[  280.324194] RIP: 0033:0x7f1e6fc88639
[  280.329355] RSP: 002b:00007fff355b6f48 EFLAGS: 00000246 ORIG_RAX: 0000000000000139
[  280.341282] RAX: ffffffffffffffda RBX: 000055caaaedbb30 RCX: 00007f1e6fc88639
[  280.352441] RDX: 0000000000000000 RSI: 00007f1e6f967105 RDI: 0000000000000005
[  280.361912] RBP: 00007f1e6f967105 R08: 0000000000000000 R09: 000055caaaec3a60
[  280.373110] R10: 0000000000000005 R11: 0000000000000246 R12: 0000000000000000
[  280.383060] R13: 000055caaaed6c60 R14: 0000000000020000 R15: 000055caaaedbb30
[  280.394074] Code: 28 00 00 00 75 40 48 83 c4 48 41 5a 5d 49 8d 62 f8 c3 48 89 d1 48 89 f2 48 8d 75 b0 e8 1e fe ff ff 8b 55 c8 83 e2 01 74 0a f3 90 <8b> 55 c8 83 e2 01 75 f6 eb c2 8b 05 a4 7f 83 01 85 c0 75 81 0f 
[  308.039498] watchdog: BUG: soft lockup - CPU#1 stuck for 22s! [systemd-udevd:152]
[  308.053692] Modules linked in:
[  308.058725] CPU: 1 PID: 152 Comm: systemd-udevd Tainted: G             L   4.15.0-135-generic #139-Ubuntu
[  308.094639] Hardware name: innotek GmbH VirtualBox/VirtualBox, BIOS VirtualBox 12/01/2006
[  308.116866] RIP: 0010:smp_call_function_single+0xdc/0x100
[  308.150671] RSP: 0018:ffffb377c0403920 EFLAGS: 00010202 ORIG_RAX: ffffffffffffff11
[  308.162275] RAX: 0000000000000000 RBX: 0000000000000001 RCX: 0000000000000000
[  308.181695] RDX: 0000000000000001 RSI: 00000000000000fb RDI: 0000000000000286
[  308.191538] RBP: ffffb377c0403970 R08: 0000000000000000 R09: 0000000000000003
[  308.216067] R10: ffffb377c0403998 R11: 0000000000000017 R12: ffffffffb5460420
[  308.228187] R13: 0000000000000001 R14: ffffffffb3e7f530 R15: 0000000000000000
[  308.253381] FS:  00007f1e70181680(0000) GS:ffff9a18bfd00000(0000) knlGS:0000000000000000
[  308.264502] CS:  0010 DS: 0000 ES: 0000 CR0: 0000000080050033
[  308.273020] CR2: 00007f1e7017deeb CR3: 000000003640a004 CR4: 00000000000206e0
[  308.284411] Call Trace:
[  308.288052]  ? load_new_mm_cr3+0xf0/0xf0
[  308.293073]  ? find_next_bit+0xb/0x10
[  308.300154]  smp_call_function_many+0x1cc/0x250
[  308.306001]  ? smp_call_function_many+0x1cc/0x250
[  308.316247]  ? load_new_mm_cr3+0xf0/0xf0
[  308.322730]  on_each_cpu+0x2d/0x60
[  308.329319]  flush_tlb_all+0x1c/0x20
[  308.334339]  __change_page_attr+0x148/0xbe0
[  308.339940]  ? syscall_return_via_sysret+0x16/0x76
[  308.352549]  ? 0xffffffffb3e00000
[  308.356648]  __change_page_attr_set_clr+0x6b/0x2d0
[  308.364559]  ? finish_task_switch+0x40/0x230
[  308.369545]  ? 0xffffffffb3e00000
[  308.374821]  __change_page_attr_set_clr+0x2a2/0x2d0
[  308.383017]  change_page_attr_set_clr+0x158/0x3a0
[  308.391306]  ? kvm_sched_clock_read+0x1e/0x30
[  308.397928]  set_memory_ro+0x29/0x30
[  308.402497]  frob_text.isra.35+0x23/0x30
[  308.409135]  module_enable_ro.part.57+0x35/0x90
[  308.416655]  load_module+0x12c4/0x1f20
[  308.450940]  ? ima_post_read_file+0x96/0xa0
[  308.476024]  SYSC_finit_module+0xfc/0x120
[  308.562420]  ? SYSC_finit_module+0xfc/0x120
[  308.571956]  SyS_finit_module+0xe/0x10
[  308.577203]  do_syscall_64+0x73/0x130
[  308.594254]  entry_SYSCALL_64_after_hwframe+0x41/0xa6
[  308.603505] RIP: 0033:0x7f1e6fc88639
[  308.610341] RSP: 002b:00007fff355b6f48 EFLAGS: 00000246 ORIG_RAX: 0000000000000139
[  308.637164] RAX: ffffffffffffffda RBX: 000055caaaedbb30 RCX: 00007f1e6fc88639
[  308.651504] RDX: 0000000000000000 RSI: 00007f1e6f967105 RDI: 0000000000000005
[  308.664195] RBP: 00007f1e6f967105 R08: 0000000000000000 R09: 000055caaaec3a60
[  308.677631] R10: 0000000000000005 R11: 0000000000000246 R12: 0000000000000000
[  308.690201] R13: 000055caaaed6c60 R14: 0000000000020000 R15: 000055caaaedbb30
[  308.698909] Code: 28 00 00 00 75 40 48 83 c4 48 41 5a 5d 49 8d 62 f8 c3 48 89 d1 48 89 f2 48 8d 75 b0 e8 1e fe ff ff 8b 55 c8 83 e2 01 74 0a f3 90 <8b> 55 c8 83 e2 01 75 f6 eb c2 8b 05 a4 7f 83 01 85 c0 75 81 0f 
[  336.040717] watchdog: BUG: soft lockup - CPU#1 stuck for 22s! [systemd-udevd:152]
[  336.049860] Modules linked in:
[  336.053730] CPU: 1 PID: 152 Comm: systemd-udevd Tainted: G             L   4.15.0-135-generic #139-Ubuntu
[  336.069979] Hardware name: innotek GmbH VirtualBox/VirtualBox, BIOS VirtualBox 12/01/2006
[  336.082079] RIP: 0010:smp_call_function_single+0xdf/0x100
[  336.089117] RSP: 0018:ffffb377c0403920 EFLAGS: 00010202 ORIG_RAX: ffffffffffffff11
[  336.099132] RAX: 0000000000000000 RBX: 0000000000000001 RCX: 0000000000000000
[  336.108527] RDX: 0000000000000003 RSI: 00000000000000fb RDI: 0000000000000286
[  336.118297] RBP: ffffb377c0403970 R08: 0000000000000000 R09: 0000000000000003
[  336.129250] R10: ffffb377c0403998 R11: 0000000000000017 R12: ffffffffb5460420
[  336.138668] R13: 0000000000000001 R14: ffffffffb3e7f530 R15: 0000000000000000
[  336.148659] FS:  00007f1e70181680(0000) GS:ffff9a18bfd00000(0000) knlGS:0000000000000000
[  336.160567] CS:  0010 DS: 0000 ES: 0000 CR0: 0000000080050033
[  336.167802] CR2: 00007f1e7017deeb CR3: 000000003640a004 CR4: 00000000000206e0
[  336.177419] Call Trace:
[  336.180986]  ? load_new_mm_cr3+0xf0/0xf0
[  336.186387]  ? find_next_bit+0xb/0x10
[  336.192902]  smp_call_function_many+0x1cc/0x250
[  336.198852]  ? smp_call_function_many+0x1cc/0x250
[  336.206798]  ? load_new_mm_cr3+0xf0/0xf0
[  336.216849]  on_each_cpu+0x2d/0x60
[  336.223388]  flush_tlb_all+0x1c/0x20
[  336.227686]  __change_page_attr+0x148/0xbe0
[  336.232627]  ? syscall_return_via_sysret+0x16/0x76
[  336.240733]  ? 0xffffffffb3e00000
[  336.245423]  __change_page_attr_set_clr+0x6b/0x2d0
[  336.252618]  ? finish_task_switch+0x40/0x230
[  336.259660]  ? 0xffffffffb3e00000
[  336.264027]  __change_page_attr_set_clr+0x2a2/0x2d0
[  336.271629]  change_page_attr_set_clr+0x158/0x3a0
[  336.278510]  ? kvm_sched_clock_read+0x1e/0x30
[  336.284626]  set_memory_ro+0x29/0x30
[  336.290100]  frob_text.isra.35+0x23/0x30
[  336.295542]  module_enable_ro.part.57+0x35/0x90
[  336.302957]  load_module+0x12c4/0x1f20
[  336.308670]  ? ima_post_read_file+0x96/0xa0
[  336.313739]  SYSC_finit_module+0xfc/0x120
[  336.319813]  ? SYSC_finit_module+0xfc/0x120
[  336.325235]  SyS_finit_module+0xe/0x10
[  336.329691]  do_syscall_64+0x73/0x130
[  336.335062]  entry_SYSCALL_64_after_hwframe+0x41/0xa6
[  336.343082] RIP: 0033:0x7f1e6fc88639
[  336.347863] RSP: 002b:00007fff355b6f48 EFLAGS: 00000246 ORIG_RAX: 0000000000000139
[  336.359415] RAX: ffffffffffffffda RBX: 000055caaaedbb30 RCX: 00007f1e6fc88639
[  336.369724] RDX: 0000000000000000 RSI: 00007f1e6f967105 RDI: 0000000000000005
[  336.378721] RBP: 00007f1e6f967105 R08: 0000000000000000 R09: 000055caaaec3a60
[  336.389662] R10: 0000000000000005 R11: 0000000000000246 R12: 0000000000000000
[  336.398205] R13: 000055caaaed6c60 R14: 0000000000020000 R15: 000055caaaedbb30
[  336.409818] Code: 00 75 40 48 83 c4 48 41 5a 5d 49 8d 62 f8 c3 48 89 d1 48 89 f2 48 8d 75 b0 e8 1e fe ff ff 8b 55 c8 83 e2 01 74 0a f3 90 8b 55 c8 <83> e2 01 75 f6 eb c2 8b 05 a4 7f 83 01 85 c0 75 81 0f 0b e9 7a 
[  364.038365] watchdog: BUG: soft lockup - CPU#1 stuck for 23s! [systemd-udevd:152]
[  364.047498] Modules linked in:
[  364.051305] CPU: 1 PID: 152 Comm: systemd-udevd Tainted: G             L   4.15.0-135-generic #139-Ubuntu
[  364.063059] Hardware name: innotek GmbH VirtualBox/VirtualBox, BIOS VirtualBox 12/01/2006
[  364.072988] RIP: 0010:smp_call_function_single+0xdf/0x100
[  364.080624] RSP: 0018:ffffb377c0403920 EFLAGS: 00010202 ORIG_RAX: ffffffffffffff11
[  364.091341] RAX: 0000000000000000 RBX: 0000000000000001 RCX: 0000000000000000
[  364.100575] RDX: 0000000000000003 RSI: 00000000000000fb RDI: 0000000000000286
[  364.109268] RBP: ffffb377c0403970 R08: 0000000000000000 R09: 0000000000000003
[  364.117717] R10: ffffb377c0403998 R11: 0000000000000017 R12: ffffffffb5460420
[  364.127242] R13: 0000000000000001 R14: ffffffffb3e7f530 R15: 0000000000000000
[  364.136529] FS:  00007f1e70181680(0000) GS:ffff9a18bfd00000(0000) knlGS:0000000000000000
[  364.147517] CS:  0010 DS: 0000 ES: 0000 CR0: 0000000080050033
[  364.155476] CR2: 00007f1e7017deeb CR3: 000000003640a004 CR4: 00000000000206e0
[  364.164777] Call Trace:
[  364.168625]  ? load_new_mm_cr3+0xf0/0xf0
[  364.173832]  ? find_next_bit+0xb/0x10
[  364.180594]  smp_call_function_many+0x1cc/0x250
[  364.186857]  ? smp_call_function_many+0x1cc/0x250
[  364.193413]  ? load_new_mm_cr3+0xf0/0xf0
[  364.198811]  on_each_cpu+0x2d/0x60
[  364.203239]  flush_tlb_all+0x1c/0x20
[  364.208357]  __change_page_attr+0x148/0xbe0
[  364.214475]  ? syscall_return_via_sysret+0x16/0x76
[  364.221818]  ? 0xffffffffb3e00000
[  364.227551]  __change_page_attr_set_clr+0x6b/0x2d0
[  364.235214]  ? finish_task_switch+0x40/0x230
[  364.240587]  ? 0xffffffffb3e00000
[  364.244855]  __change_page_attr_set_clr+0x2a2/0x2d0
[  364.251733]  change_page_attr_set_clr+0x158/0x3a0
[  364.258217]  ? kvm_sched_clock_read+0x1e/0x30
[  364.264665]  set_memory_ro+0x29/0x30
[  364.269487]  frob_text.isra.35+0x23/0x30
[  364.275127]  module_enable_ro.part.57+0x35/0x90
[  364.280957]  load_module+0x12c4/0x1f20
[  364.286143]  ? ima_post_read_file+0x96/0xa0
[  364.291751]  SYSC_finit_module+0xfc/0x120
[  364.297163]  ? SYSC_finit_module+0xfc/0x120
[  364.303384]  SyS_finit_module+0xe/0x10
[  364.307991]  do_syscall_64+0x73/0x130
[  364.312599]  entry_SYSCALL_64_after_hwframe+0x41/0xa6
[  364.320429] RIP: 0033:0x7f1e6fc88639
[  364.325134] RSP: 002b:00007fff355b6f48 EFLAGS: 00000246 ORIG_RAX: 0000000000000139
[  364.335117] RAX: ffffffffffffffda RBX: 000055caaaedbb30 RCX: 00007f1e6fc88639
[  364.344143] RDX: 0000000000000000 RSI: 00007f1e6f967105 RDI: 0000000000000005
[  364.353453] RBP: 00007f1e6f967105 R08: 0000000000000000 R09: 000055caaaec3a60
[  364.362126] R10: 0000000000000005 R11: 0000000000000246 R12: 0000000000000000
[  364.370621] R13: 000055caaaed6c60 R14: 0000000000020000 R15: 000055caaaedbb30
[  364.379179] Code: 00 75 40 48 83 c4 48 41 5a 5d 49 8d 62 f8 c3 48 89 d1 48 89 f2 48 8d 75 b0 e8 1e fe ff ff 8b 55 c8 83 e2 01 74 0a f3 90 8b 55 c8 <83> e2 01 75 f6 eb c2 8b 05 a4 7f 83 01 85 c0 75 81 0f 0b e9 7a 
[  392.036618] watchdog: BUG: soft lockup - CPU#1 stuck for 23s! [systemd-udevd:152]
[  392.045265] Modules linked in:
[  392.049470] CPU: 1 PID: 152 Comm: systemd-udevd Tainted: G             L   4.15.0-135-generic #139-Ubuntu
[  392.061257] Hardware name: innotek GmbH VirtualBox/VirtualBox, BIOS VirtualBox 12/01/2006
[  392.071659] RIP: 0010:smp_call_function_single+0xdc/0x100
[  392.078459] RSP: 0018:ffffb377c0403920 EFLAGS: 00010202 ORIG_RAX: ffffffffffffff11
[  392.087700] RAX: 0000000000000000 RBX: 0000000000000001 RCX: 0000000000000000
[  392.096608] RDX: 0000000000000001 RSI: 00000000000000fb RDI: 0000000000000286
[  392.105381] RBP: ffffb377c0403970 R08: 0000000000000000 R09: 0000000000000003
[  392.114286] R10: ffffb377c0403998 R11: 0000000000000017 R12: ffffffffb5460420
[  392.122973] R13: 0000000000000001 R14: ffffffffb3e7f530 R15: 0000000000000000
[  392.131331] FS:  00007f1e70181680(0000) GS:ffff9a18bfd00000(0000) knlGS:0000000000000000
[  392.141432] CS:  0010 DS: 0000 ES: 0000 CR0: 0000000080050033
[  392.148393] CR2: 00007f1e7017deeb CR3: 000000003640a004 CR4: 00000000000206e0
[  392.157641] Call Trace:
[  392.160682]  ? load_new_mm_cr3+0xf0/0xf0
[  392.165535]  ? find_next_bit+0xb/0x10
[  392.169975]  smp_call_function_many+0x1cc/0x250
[  392.175393]  ? smp_call_function_many+0x1cc/0x250
[  392.181686]  ? load_new_mm_cr3+0xf0/0xf0
[  392.187072]  on_each_cpu+0x2d/0x60
[  392.191339]  flush_tlb_all+0x1c/0x20
[  392.195750]  __change_page_attr+0x148/0xbe0
[  392.203062]  ? syscall_return_via_sysret+0x16/0x76
[  392.209604]  ? 0xffffffffb3e00000
[  392.213728]  __change_page_attr_set_clr+0x6b/0x2d0
[  392.223434]  ? finish_task_switch+0x40/0x230
[  392.229774]  ? 0xffffffffb3e00000
[  392.234667]  __change_page_attr_set_clr+0x2a2/0x2d0
[  392.240290]  change_page_attr_set_clr+0x158/0x3a0
[  392.246496]  ? kvm_sched_clock_read+0x1e/0x30
[  392.252235]  set_memory_ro+0x29/0x30
[  392.256557]  frob_text.isra.35+0x23/0x30
[  392.261501]  module_enable_ro.part.57+0x35/0x90
[  392.268184]  load_module+0x12c4/0x1f20
[  392.272851]  ? ima_post_read_file+0x96/0xa0
[  392.277390]  SYSC_finit_module+0xfc/0x120
[  392.282956]  ? SYSC_finit_module+0xfc/0x120
[  392.288384]  SyS_finit_module+0xe/0x10
[  392.293262]  do_syscall_64+0x73/0x130
[  392.297712]  entry_SYSCALL_64_after_hwframe+0x41/0xa6
[  392.304149] RIP: 0033:0x7f1e6fc88639
[  392.309059] RSP: 002b:00007fff355b6f48 EFLAGS: 00000246 ORIG_RAX: 0000000000000139
[  392.318206] RAX: ffffffffffffffda RBX: 000055caaaedbb30 RCX: 00007f1e6fc88639
[  392.326952] RDX: 0000000000000000 RSI: 00007f1e6f967105 RDI: 0000000000000005
[  392.335042] RBP: 00007f1e6f967105 R08: 0000000000000000 R09: 000055caaaec3a60
[  392.343448] R10: 0000000000000005 R11: 0000000000000246 R12: 0000000000000000
[  392.352707] R13: 000055caaaed6c60 R14: 0000000000020000 R15: 000055caaaedbb30
[  392.361067] Code: 28 00 00 00 75 40 48 83 c4 48 41 5a 5d 49 8d 62 f8 c3 48 89 d1 48 89 f2 48 8d 75 b0 e8 1e fe ff ff 8b 55 c8 83 e2 01 74 0a f3 90 <8b> 55 c8 83 e2 01 75 f6 eb c2 8b 05 a4 7f 83 01 85 c0 75 81 0f 
[  420.028512] watchdog: BUG: soft lockup - CPU#1 stuck for 23s! [systemd-udevd:152]
[  420.038365] Modules linked in:
[  420.044177] CPU: 1 PID: 152 Comm: systemd-udevd Tainted: G             L   4.15.0-135-generic #139-Ubuntu
[  420.065582] Hardware name: innotek GmbH VirtualBox/VirtualBox, BIOS VirtualBox 12/01/2006
[  420.086040] RIP: 0010:smp_call_function_single+0xdc/0x100
[  420.115486] RSP: 0018:ffffb377c0403920 EFLAGS: 00010202 ORIG_RAX: ffffffffffffff11
[  420.129630] RAX: 0000000000000000 RBX: 0000000000000001 RCX: 0000000000000000
[  420.139360] RDX: 0000000000000001 RSI: 00000000000000fb RDI: 0000000000000286
[  420.148234] RBP: ffffb377c0403970 R08: 0000000000000000 R09: 0000000000000003
[  420.158350] R10: ffffb377c0403998 R11: 0000000000000017 R12: ffffffffb5460420
[  420.167696] R13: 0000000000000001 R14: ffffffffb3e7f530 R15: 0000000000000000
[  420.175657] FS:  00007f1e70181680(0000) GS:ffff9a18bfd00000(0000) knlGS:0000000000000000
[  420.185477] CS:  0010 DS: 0000 ES: 0000 CR0: 0000000080050033
[  420.192353] CR2: 00007f1e7017deeb CR3: 000000003640a004 CR4: 00000000000206e0
[  420.201184] Call Trace:
[  420.204338]  ? load_new_mm_cr3+0xf0/0xf0
[  420.209089]  ? find_next_bit+0xb/0x10
[  420.213679]  smp_call_function_many+0x1cc/0x250
[  420.223348]  ? smp_call_function_many+0x1cc/0x250
[  420.230623]  ? load_new_mm_cr3+0xf0/0xf0
[  420.235223]  on_each_cpu+0x2d/0x60
[  420.239545]  flush_tlb_all+0x1c/0x20
[  420.244235]  __change_page_attr+0x148/0xbe0
[  420.249328]  ? syscall_return_via_sysret+0x16/0x76
[  420.255136]  ? 0xffffffffb3e00000
[  420.259265]  __change_page_attr_set_clr+0x6b/0x2d0
[  420.265484]  ? finish_task_switch+0x40/0x230
[  420.270656]  ? 0xffffffffb3e00000
[  420.274823]  __change_page_attr_set_clr+0x2a2/0x2d0
[  420.280702]  change_page_attr_set_clr+0x158/0x3a0
[  420.286761]  ? kvm_sched_clock_read+0x1e/0x30
[  420.291992]  set_memory_ro+0x29/0x30
[  420.296412]  frob_text.isra.35+0x23/0x30
[  420.301271]  module_enable_ro.part.57+0x35/0x90
[  420.306762]  load_module+0x12c4/0x1f20
[  420.311674]  ? ima_post_read_file+0x96/0xa0
[  420.316835]  SYSC_finit_module+0xfc/0x120
[  420.321512]  ? SYSC_finit_module+0xfc/0x120
[  420.326365]  SyS_finit_module+0xe/0x10
[  420.331097]  do_syscall_64+0x73/0x130
[  420.335399]  entry_SYSCALL_64_after_hwframe+0x41/0xa6
[  420.341727] RIP: 0033:0x7f1e6fc88639
[  420.346147] RSP: 002b:00007fff355b6f48 EFLAGS: 00000246 ORIG_RAX: 0000000000000139
[  420.355463] RAX: ffffffffffffffda RBX: 000055caaaedbb30 RCX: 00007f1e6fc88639
[  420.364721] RDX: 0000000000000000 RSI: 00007f1e6f967105 RDI: 0000000000000005
[  420.373411] RBP: 00007f1e6f967105 R08: 0000000000000000 R09: 000055caaaec3a60
[  420.383414] R10: 0000000000000005 R11: 0000000000000246 R12: 0000000000000000
[  420.392513] R13: 000055caaaed6c60 R14: 0000000000020000 R15: 000055caaaedbb30
[  420.401780] Code: 28 00 00 00 75 40 48 83 c4 48 41 5a 5d 49 8d 62 f8 c3 48 89 d1 48 89 f2 48 8d 75 b0 e8 1e fe ff ff 8b 55 c8 83 e2 01 74 0a f3 90 <8b> 55 c8 83 e2 01 75 f6 eb c2 8b 05 a4 7f 83 01 85 c0 75 81 0f 
[  448.038260] watchdog: BUG: soft lockup - CPU#1 stuck for 23s! [systemd-udevd:152]
[  448.054514] Modules linked in:
[  448.061240] CPU: 1 PID: 152 Comm: systemd-udevd Tainted: G             L   4.15.0-135-generic #139-Ubuntu
[  448.085551] Hardware name: innotek GmbH VirtualBox/VirtualBox, BIOS VirtualBox 12/01/2006
[  448.098892] RIP: 0010:smp_call_function_single+0xdc/0x100
[  448.106705] RSP: 0018:ffffb377c0403920 EFLAGS: 00010202 ORIG_RAX: ffffffffffffff11
[  448.118347] RAX: 0000000000000000 RBX: 0000000000000001 RCX: 0000000000000000
[  448.130437] RDX: 0000000000000001 RSI: 00000000000000fb RDI: 0000000000000286
[  448.141758] RBP: ffffb377c0403970 R08: 0000000000000000 R09: 0000000000000003
[  448.152879] R10: ffffb377c0403998 R11: 0000000000000017 R12: ffffffffb5460420
[  448.164073] R13: 0000000000000001 R14: ffffffffb3e7f530 R15: 0000000000000000
[  448.179394] FS:  00007f1e70181680(0000) GS:ffff9a18bfd00000(0000) knlGS:0000000000000000
[  448.193330] CS:  0010 DS: 0000 ES: 0000 CR0: 0000000080050033
[  448.204468] CR2: 00007f1e7017deeb CR3: 000000003640a004 CR4: 00000000000206e0
[  448.217230] Call Trace:
[  448.226243]  ? load_new_mm_cr3+0xf0/0xf0
[  448.249786]  ? find_next_bit+0xb/0x10
[  448.257512]  smp_call_function_many+0x1cc/0x250
[  448.264937]  ? smp_call_function_many+0x1cc/0x250
[  448.273205]  ? load_new_mm_cr3+0xf0/0xf0
[  448.280226]  on_each_cpu+0x2d/0x60
[  448.285175]  flush_tlb_all+0x1c/0x20
[  448.290610]  __change_page_attr+0x148/0xbe0
[  448.298908]  ? syscall_return_via_sysret+0x16/0x76
[  448.306648]  ? 0xffffffffb3e00000
[  448.315531]  __change_page_attr_set_clr+0x6b/0x2d0
[  448.324253]  ? finish_task_switch+0x40/0x230
[  448.332408]  ? 0xffffffffb3e00000
[  448.337461]  __change_page_attr_set_clr+0x2a2/0x2d0
[  448.354960]  change_page_attr_set_clr+0x158/0x3a0
[  448.363322]  ? kvm_sched_clock_read+0x1e/0x30
[  448.370407]  set_memory_ro+0x29/0x30
[  448.386839]  frob_text.isra.35+0x23/0x30
[  448.394724]  module_enable_ro.part.57+0x35/0x90
[  448.401572]  load_module+0x12c4/0x1f20
[  448.406589]  ? ima_post_read_file+0x96/0xa0
[  448.413450]  SYSC_finit_module+0xfc/0x120
[  448.420893]  ? SYSC_finit_module+0xfc/0x120
[  448.426314]  SyS_finit_module+0xe/0x10
[  448.431535]  do_syscall_64+0x73/0x130
[  448.436825]  entry_SYSCALL_64_after_hwframe+0x41/0xa6
[  448.444079] RIP: 0033:0x7f1e6fc88639
[  448.451391] RSP: 002b:00007fff355b6f48 EFLAGS: 00000246 ORIG_RAX: 0000000000000139
[  448.462089] RAX: ffffffffffffffda RBX: 000055caaaedbb30 RCX: 00007f1e6fc88639
[  448.473219] RDX: 0000000000000000 RSI: 00007f1e6f967105 RDI: 0000000000000005
[  448.484650] RBP: 00007f1e6f967105 R08: 0000000000000000 R09: 000055caaaec3a60
[  448.512602] R10: 0000000000000005 R11: 0000000000000246 R12: 0000000000000000
[  448.552081] R13: 000055caaaed6c60 R14: 0000000000020000 R15: 000055caaaedbb30
[  448.578433] Code: 28 00 00 00 75 40 48 83 c4 48 41 5a 5d 49 8d 62 f8 c3 48 89 d1 48 89 f2 48 8d 75 b0 e8 1e fe ff ff 8b 55 c8 83 e2 01 74 0a f3 90 <8b> 55 c8 83 e2 01 75 f6 eb c2 8b 05 a4 7f 83 01 85 c0 75 81 0f 
[  476.029062] watchdog: BUG: soft lockup - CPU#1 stuck for 23s! [systemd-udevd:152]
[  476.038053] Modules linked in:
[  476.043175] CPU: 1 PID: 152 Comm: systemd-udevd Tainted: G             L   4.15.0-135-generic #139-Ubuntu
[  476.054458] Hardware name: innotek GmbH VirtualBox/VirtualBox, BIOS VirtualBox 12/01/2006
[  476.064317] RIP: 0010:smp_call_function_single+0xdc/0x100
[  476.072673] RSP: 0018:ffffb377c0403920 EFLAGS: 00010202 ORIG_RAX: ffffffffffffff11
[  476.082764] RAX: 0000000000000000 RBX: 0000000000000001 RCX: 0000000000000000
[  476.092593] RDX: 0000000000000001 RSI: 00000000000000fb RDI: 0000000000000286
[  476.101891] RBP: ffffb377c0403970 R08: 0000000000000000 R09: 0000000000000003
[  476.110977] R10: ffffb377c0403998 R11: 0000000000000017 R12: ffffffffb5460420
[  476.120295] R13: 0000000000000001 R14: ffffffffb3e7f530 R15: 0000000000000000
[  476.128983] FS:  00007f1e70181680(0000) GS:ffff9a18bfd00000(0000) knlGS:0000000000000000
[  476.139721] CS:  0010 DS: 0000 ES: 0000 CR0: 0000000080050033
[  476.147400] CR2: 00007f1e7017deeb CR3: 000000003640a004 CR4: 00000000000206e0
[  476.155460] Call Trace:
[  476.158936]  ? load_new_mm_cr3+0xf0/0xf0
[  476.163732]  ? find_next_bit+0xb/0x10
[  476.168176]  smp_call_function_many+0x1cc/0x250
[  476.173721]  ? smp_call_function_many+0x1cc/0x250
[  476.179646]  ? load_new_mm_cr3+0xf0/0xf0
[  476.184369]  on_each_cpu+0x2d/0x60
[  476.188687]  flush_tlb_all+0x1c/0x20
[  476.193074]  __change_page_attr+0x148/0xbe0
[  476.198119]  ? syscall_return_via_sysret+0x16/0x76
[  476.204221]  ? 0xffffffffb3e00000
[  476.208017]  __change_page_attr_set_clr+0x6b/0x2d0
[  476.213188]  ? finish_task_switch+0x40/0x230
[  476.217848]  ? 0xffffffffb3e00000
[  476.221674]  __change_page_attr_set_clr+0x2a2/0x2d0
[  476.227246]  change_page_attr_set_clr+0x158/0x3a0
[  476.232581]  ? kvm_sched_clock_read+0x1e/0x30
[  476.237775]  set_memory_ro+0x29/0x30
[  476.243957]  frob_text.isra.35+0x23/0x30
[  476.250068]  module_enable_ro.part.57+0x35/0x90
[  476.256255]  load_module+0x12c4/0x1f20
[  476.261245]  ? ima_post_read_file+0x96/0xa0
[  476.266940]  SYSC_finit_module+0xfc/0x120
[  476.271792]  ? SYSC_finit_module+0xfc/0x120
[  476.277506]  SyS_finit_module+0xe/0x10
[  476.282303]  do_syscall_64+0x73/0x130
[  476.287776]  entry_SYSCALL_64_after_hwframe+0x41/0xa6
[  476.294612] RIP: 0033:0x7f1e6fc88639
[  476.299296] RSP: 002b:00007fff355b6f48 EFLAGS: 00000246 ORIG_RAX: 0000000000000139
[  476.308769] RAX: ffffffffffffffda RBX: 000055caaaedbb30 RCX: 00007f1e6fc88639
[  476.316824] RDX: 0000000000000000 RSI: 00007f1e6f967105 RDI: 0000000000000005
[  476.325450] RBP: 00007f1e6f967105 R08: 0000000000000000 R09: 000055caaaec3a60
[  476.334559] R10: 0000000000000005 R11: 0000000000000246 R12: 0000000000000000
[  476.342769] R13: 000055caaaed6c60 R14: 0000000000020000 R15: 000055caaaedbb30
[  476.351197] Code: 28 00 00 00 75 40 48 83 c4 48 41 5a 5d 49 8d 62 f8 c3 48 89 d1 48 89 f2 48 8d 75 b0 e8 1e fe ff ff 8b 55 c8 83 e2 01 74 0a f3 90 <8b> 55 c8 83 e2 01 75 f6 eb c2 8b 05 a4 7f 83 01 85 c0 75 81 0f 
[  504.028909] watchdog: BUG: soft lockup - CPU#1 stuck for 22s! [systemd-udevd:152]
[  504.044119] Modules linked in:
[  504.049843] CPU: 1 PID: 152 Comm: systemd-udevd Tainted: G             L   4.15.0-135-generic #139-Ubuntu
[  504.063019] Hardware name: innotek GmbH VirtualBox/VirtualBox, BIOS VirtualBox 12/01/2006
[  504.073540] RIP: 0010:smp_call_function_single+0xdc/0x100
[  504.081589] RSP: 0018:ffffb377c0403920 EFLAGS: 00010202 ORIG_RAX: ffffffffffffff11
[  504.094602] RAX: 0000000000000000 RBX: 0000000000000001 RCX: 0000000000000000
[  504.105194] RDX: 0000000000000001 RSI: 00000000000000fb RDI: 0000000000000286
[  504.117580] RBP: ffffb377c0403970 R08: 0000000000000000 R09: 0000000000000003
[  504.136460] R10: ffffb377c0403998 R11: 0000000000000017 R12: ffffffffb5460420
[  504.148552] R13: 0000000000000001 R14: ffffffffb3e7f530 R15: 0000000000000000
[  504.159323] FS:  00007f1e70181680(0000) GS:ffff9a18bfd00000(0000) knlGS:0000000000000000
[  504.185266] CS:  0010 DS: 0000 ES: 0000 CR0: 0000000080050033
[  504.193346] CR2: 00007f1e7017deeb CR3: 000000003640a004 CR4: 00000000000206e0
[  504.203803] Call Trace:
[  504.207003]  ? load_new_mm_cr3+0xf0/0xf0
[  504.214233]  ? find_next_bit+0xb/0x10
[  504.219345]  smp_call_function_many+0x1cc/0x250
[  504.232410]  ? smp_call_function_many+0x1cc/0x250
[  504.241302]  ? load_new_mm_cr3+0xf0/0xf0
[  504.249253]  on_each_cpu+0x2d/0x60
[  504.259997]  flush_tlb_all+0x1c/0x20
[  504.268509]  __change_page_attr+0x148/0xbe0
[  504.280141]  ? syscall_return_via_sysret+0x16/0x76
[  504.288573]  ? 0xffffffffb3e00000
[  504.293762]  __change_page_attr_set_clr+0x6b/0x2d0
[  504.300671]  ? finish_task_switch+0x40/0x230
[  504.307700]  ? 0xffffffffb3e00000
[  504.313734]  __change_page_attr_set_clr+0x2a2/0x2d0
[  504.322449]  change_page_attr_set_clr+0x158/0x3a0
[  504.329208]  ? kvm_sched_clock_read+0x1e/0x30
[  504.335792]  set_memory_ro+0x29/0x30
[  504.340760]  frob_text.isra.35+0x23/0x30
[  504.346052]  module_enable_ro.part.57+0x35/0x90
[  504.352450]  load_module+0x12c4/0x1f20
[  504.357252]  ? ima_post_read_file+0x96/0xa0
[  504.363919]  SYSC_finit_module+0xfc/0x120
[  504.370233]  ? SYSC_finit_module+0xfc/0x120
[  504.376120]  SyS_finit_module+0xe/0x10
[  504.381569]  do_syscall_64+0x73/0x130
[  504.387255]  entry_SYSCALL_64_after_hwframe+0x41/0xa6
[  504.394969] RIP: 0033:0x7f1e6fc88639
[  504.400112] RSP: 002b:00007fff355b6f48 EFLAGS: 00000246 ORIG_RAX: 0000000000000139
[  504.411167] RAX: ffffffffffffffda RBX: 000055caaaedbb30 RCX: 00007f1e6fc88639
[  504.424594] RDX: 0000000000000000 RSI: 00007f1e6f967105 RDI: 0000000000000005
[  504.435113] RBP: 00007f1e6f967105 R08: 0000000000000000 R09: 000055caaaec3a60
[  504.445230] R10: 0000000000000005 R11: 0000000000000246 R12: 0000000000000000
[  504.453963] R13: 000055caaaed6c60 R14: 0000000000020000 R15: 000055caaaedbb30
[  504.464021] Code: 28 00 00 00 75 40 48 83 c4 48 41 5a 5d 49 8d 62 f8 c3 48 89 d1 48 89 f2 48 8d 75 b0 e8 1e fe ff ff 8b 55 c8 83 e2 01 74 0a f3 90 <8b> 55 c8 83 e2 01 75 f6 eb c2 8b 05 a4 7f 83 01 85 c0 75 81 0f 
[  532.030006] watchdog: BUG: soft lockup - CPU#1 stuck for 22s! [systemd-udevd:152]
[  532.053261] Modules linked in:
[  532.064489] CPU: 1 PID: 152 Comm: systemd-udevd Tainted: G             L   4.15.0-135-generic #139-Ubuntu
[  532.096339] Hardware name: innotek GmbH VirtualBox/VirtualBox, BIOS VirtualBox 12/01/2006
[  532.111304] RIP: 0010:smp_call_function_single+0xdc/0x100
[  532.119566] RSP: 0018:ffffb377c0403920 EFLAGS: 00010202 ORIG_RAX: ffffffffffffff11
[  532.131321] RAX: 0000000000000000 RBX: 0000000000000001 RCX: 0000000000000000
[  532.142998] RDX: 0000000000000001 RSI: 00000000000000fb RDI: 0000000000000286
[  532.153693] RBP: ffffb377c0403970 R08: 0000000000000000 R09: 0000000000000003
[  532.164752] R10: ffffb377c0403998 R11: 0000000000000017 R12: ffffffffb5460420
[  532.177547] R13: 0000000000000001 R14: ffffffffb3e7f530 R15: 0000000000000000
[  532.190308] FS:  00007f1e70181680(0000) GS:ffff9a18bfd00000(0000) knlGS:0000000000000000
[  532.205523] CS:  0010 DS: 0000 ES: 0000 CR0: 0000000080050033
[  532.222528] CR2: 00007f1e7017deeb CR3: 000000003640a004 CR4: 00000000000206e0
[  532.239416] Call Trace:
[  532.245180]  ? load_new_mm_cr3+0xf0/0xf0
[  532.252468]  ? find_next_bit+0xb/0x10
[  532.259896]  smp_call_function_many+0x1cc/0x250
[  532.269981]  ? smp_call_function_many+0x1cc/0x250
[  532.282449]  ? load_new_mm_cr3+0xf0/0xf0
[  532.289803]  on_each_cpu+0x2d/0x60
[  532.296942]  flush_tlb_all+0x1c/0x20
[  532.302434]  __change_page_attr+0x148/0xbe0
[  532.311300]  ? syscall_return_via_sysret+0x16/0x76
[  532.330754]  ? 0xffffffffb3e00000
[  532.336455]  __change_page_attr_set_clr+0x6b/0x2d0
[  532.343638]  ? finish_task_switch+0x40/0x230
[  532.350790]  ? 0xffffffffb3e00000
[  532.356199]  __change_page_attr_set_clr+0x2a2/0x2d0
[  532.364441]  change_page_attr_set_clr+0x158/0x3a0
[  532.371403]  ? kvm_sched_clock_read+0x1e/0x30
[  532.379415]  set_memory_ro+0x29/0x30
[  532.385650]  frob_text.isra.35+0x23/0x30
[  532.393588]  module_enable_ro.part.57+0x35/0x90
[  532.401508]  load_module+0x12c4/0x1f20
[  532.409583]  ? ima_post_read_file+0x96/0xa0
[  532.424138]  SYSC_finit_module+0xfc/0x120
[  532.433312]  ? SYSC_finit_module+0xfc/0x120
[  532.439473]  SyS_finit_module+0xe/0x10
[  532.447556]  do_syscall_64+0x73/0x130
[  532.453463]  entry_SYSCALL_64_after_hwframe+0x41/0xa6
[  532.461930] RIP: 0033:0x7f1e6fc88639
[  532.469957] RSP: 002b:00007fff355b6f48 EFLAGS: 00000246 ORIG_RAX: 0000000000000139
[  532.484816] RAX: ffffffffffffffda RBX: 000055caaaedbb30 RCX: 00007f1e6fc88639
[  532.497481] RDX: 0000000000000000 RSI: 00007f1e6f967105 RDI: 0000000000000005
[  532.509735] RBP: 00007f1e6f967105 R08: 0000000000000000 R09: 000055caaaec3a60
[  532.522195] R10: 0000000000000005 R11: 0000000000000246 R12: 0000000000000000
[  532.534130] R13: 000055caaaed6c60 R14: 0000000000020000 R15: 000055caaaedbb30
[  532.545203] Code: 28 00 00 00 75 40 48 83 c4 48 41 5a 5d 49 8d 62 f8 c3 48 89 d1 48 89 f2 48 8d 75 b0 e8 1e fe ff ff 8b 55 c8 83 e2 01 74 0a f3 90 <8b> 55 c8 83 e2 01 75 f6 eb c2 8b 05 a4 7f 83 01 85 c0 75 81 0f 
[  560.028211] watchdog: BUG: soft lockup - CPU#1 stuck for 22s! [systemd-udevd:152]
[  560.037600] Modules linked in:
[  560.042493] CPU: 1 PID: 152 Comm: systemd-udevd Tainted: G             L   4.15.0-135-generic #139-Ubuntu
[  560.054523] Hardware name: innotek GmbH VirtualBox/VirtualBox, BIOS VirtualBox 12/01/2006
[  560.064704] RIP: 0010:smp_call_function_single+0xdc/0x100
[  560.071808] RSP: 0018:ffffb377c0403920 EFLAGS: 00010202 ORIG_RAX: ffffffffffffff11
[  560.081195] RAX: 0000000000000000 RBX: 0000000000000001 RCX: 0000000000000000
[  560.089563] RDX: 0000000000000001 RSI: 00000000000000fb RDI: 0000000000000286
[  560.098707] RBP: ffffb377c0403970 R08: 0000000000000000 R09: 0000000000000003
[  560.107057] R10: ffffb377c0403998 R11: 0000000000000017 R12: ffffffffb5460420
[  560.116042] R13: 0000000000000001 R14: ffffffffb3e7f530 R15: 0000000000000000
[  560.125775] FS:  00007f1e70181680(0000) GS:ffff9a18bfd00000(0000) knlGS:0000000000000000
[  560.145621] CS:  0010 DS: 0000 ES: 0000 CR0: 0000000080050033
[  560.158423] CR2: 00007f1e7017deeb CR3: 000000003640a004 CR4: 00000000000206e0
[  560.170878] Call Trace:
[  560.176966]  ? load_new_mm_cr3+0xf0/0xf0
[  560.185360]  ? find_next_bit+0xb/0x10
[  560.193101]  smp_call_function_many+0x1cc/0x250
[  560.198891]  ? smp_call_function_many+0x1cc/0x250
[  560.204805]  ? load_new_mm_cr3+0xf0/0xf0
[  560.209867]  on_each_cpu+0x2d/0x60
[  560.214744]  flush_tlb_all+0x1c/0x20
[  560.220037]  __change_page_attr+0x148/0xbe0
[  560.227040]  ? syscall_return_via_sysret+0x16/0x76
[  560.233821]  ? 0xffffffffb3e00000
[  560.238841]  __change_page_attr_set_clr+0x6b/0x2d0
[  560.244919]  ? finish_task_switch+0x40/0x230
[  560.250296]  ? 0xffffffffb3e00000
[  560.256139]  __change_page_attr_set_clr+0x2a2/0x2d0
[  560.272246]  change_page_attr_set_clr+0x158/0x3a0
[  560.280859]  ? kvm_sched_clock_read+0x1e/0x30
[  560.291561]  set_memory_ro+0x29/0x30
[  560.298085]  frob_text.isra.35+0x23/0x30
[  560.306367]  module_enable_ro.part.57+0x35/0x90
[  560.312557]  load_module+0x12c4/0x1f20
[  560.317238]  ? ima_post_read_file+0x96/0xa0
[  560.322599]  SYSC_finit_module+0xfc/0x120
[  560.327453]  ? SYSC_finit_module+0xfc/0x120
[  560.333831]  SyS_finit_module+0xe/0x10
[  560.340963]  do_syscall_64+0x73/0x130
[  560.347078]  entry_SYSCALL_64_after_hwframe+0x41/0xa6
[  560.354846] RIP: 0033:0x7f1e6fc88639
[  560.360190] RSP: 002b:00007fff355b6f48 EFLAGS: 00000246 ORIG_RAX: 0000000000000139
[  560.370072] RAX: ffffffffffffffda RBX: 000055caaaedbb30 RCX: 00007f1e6fc88639
[  560.378413] RDX: 0000000000000000 RSI: 00007f1e6f967105 RDI: 0000000000000005
[  560.387208] RBP: 00007f1e6f967105 R08: 0000000000000000 R09: 000055caaaec3a60
[  560.397335] R10: 0000000000000005 R11: 0000000000000246 R12: 0000000000000000
[  560.407550] R13: 000055caaaed6c60 R14: 0000000000020000 R15: 000055caaaedbb30
[  560.417538] Code: 28 00 00 00 75 40 48 83 c4 48 41 5a 5d 49 8d 62 f8 c3 48 89 d1 48 89 f2 48 8d 75 b0 e8 1e fe ff ff 8b 55 c8 83 e2 01 74 0a f3 90 <8b> 55 c8 83 e2 01 75 f6 eb c2 8b 05 a4 7f 83 01 85 c0 75 81 0f 
